2021-03-27 17:50:56 | [INFO]    | Discordia 2.8.4
2021-03-27 17:50:56 | [INFO]    | Connecting to Discord...
2021-03-27 17:50:56 | [INFO]    | Authenticated as bot test#0793
2021-03-27 17:50:57 | [INFO]    | Launching shard 0 (1 out of 1)...
2021-03-27 17:50:57 | [INFO]    | Shard 0 : Connected to wss://gateway.discord.gg
2021-03-27 17:50:57 | [INFO]    | Shard 0 : Received HELLO
2021-03-27 17:50:57 | [INFO]    | Shard 0 : Received READY
2021-03-27 17:57:46 | [INFO]    | Discordia 2.8.4
2021-03-27 17:57:46 | [INFO]    | Connecting to Discord...
2021-03-27 17:57:46 | [INFO]    | Authenticated as bot test#0793
2021-03-27 17:57:46 | [INFO]    | Launching shard 0 (1 out of 1)...
2021-03-27 17:57:47 | [INFO]    | Shard 0 : Connected to wss://gateway.discord.gg
2021-03-27 17:57:47 | [INFO]    | Shard 0 : Received HELLO
2021-03-27 17:57:47 | [INFO]    | Shard 0 : Received READY
2021-03-27 18:08:08 | [INFO]    | Discordia 2.8.4
2021-03-27 18:08:08 | [INFO]    | Connecting to Discord...
2021-03-27 18:08:08 | [INFO]    | Authenticated as bot test#0793
2021-03-27 18:08:08 | [INFO]    | Launching shard 0 (1 out of 1)...
2021-03-27 18:08:09 | [INFO]    | Shard 0 : Connected to wss://gateway.discord.gg
2021-03-27 18:08:09 | [INFO]    | Shard 0 : Received HELLO
2021-03-27 18:08:09 | [INFO]    | Shard 0 : Received READY
2021-03-27 18:10:44 | [INFO]    | Discordia 2.8.4
2021-03-27 18:10:44 | [INFO]    | Connecting to Discord...
2021-03-27 18:10:45 | [INFO]    | Authenticated as bot test#0793
2021-03-27 18:10:45 | [INFO]    | Launching shard 0 (1 out of 1)...
2021-03-27 18:10:45 | [INFO]    | Shard 0 : Connected to wss://gateway.discord.gg
2021-03-27 18:10:45 | [INFO]    | Shard 0 : Received HELLO
2021-03-27 18:10:45 | [INFO]    | Shard 0 : Received READY
2021-03-27 18:13:32 | [INFO]    | Discordia 2.8.4
2021-03-27 18:13:32 | [INFO]    | Connecting to Discord...
2021-03-27 18:13:32 | [INFO]    | Authenticated as bot test#0793
2021-03-27 18:13:32 | [INFO]    | Launching shard 0 (1 out of 1)...
2021-03-27 18:13:33 | [INFO]    | Shard 0 : Connected to wss://gateway.discord.gg
2021-03-27 18:13:33 | [INFO]    | Shard 0 : Received HELLO
2021-03-27 18:13:33 | [INFO]    | Shard 0 : Received READY
2021-03-27 18:16:48 | [INFO]    | Discordia 2.8.4
2021-03-27 18:16:48 | [INFO]    | Connecting to Discord...
2021-03-27 18:16:48 | [INFO]    | Authenticated as bot test#0793
2021-03-27 18:16:48 | [INFO]    | Launching shard 0 (1 out of 1)...
2021-03-27 18:16:49 | [INFO]    | Shard 0 : Connected to wss://gateway.discord.gg
2021-03-27 18:16:49 | [INFO]    | Shard 0 : Received HELLO
2021-03-27 18:16:49 | [INFO]    | Shard 0 : Received READY
2021-03-27 18:18:22 | [INFO]    | Discordia 2.8.4
2021-03-27 18:18:22 | [INFO]    | Connecting to Discord...
2021-03-27 18:18:22 | [INFO]    | Authenticated as bot test#0793
2021-03-27 18:18:22 | [INFO]    | Launching shard 0 (1 out of 1)...
2021-03-27 18:18:22 | [INFO]    | Shard 0 : Connected to wss://gateway.discord.gg
2021-03-27 18:18:22 | [INFO]    | Shard 0 : Received HELLO
2021-03-27 18:18:23 | [INFO]    | Shard 0 : Received READY
2021-03-27 18:19:28 | [INFO]    | Discordia 2.8.4
2021-03-27 18:19:28 | [INFO]    | Connecting to Discord...
2021-03-27 18:19:28 | [INFO]    | Authenticated as bot test#0793
2021-03-27 18:19:28 | [INFO]    | Launching shard 0 (1 out of 1)...
2021-03-27 18:19:28 | [INFO]    | Shard 0 : Connected to wss://gateway.discord.gg
2021-03-27 18:19:28 | [INFO]    | Shard 0 : Received HELLO
2021-03-27 18:19:28 | [INFO]    | Shard 0 : Received READY
2021-03-27 18:21:50 | [INFO]    | Discordia 2.8.4
2021-03-27 18:21:50 | [INFO]    | Connecting to Discord...
2021-03-27 18:21:50 | [INFO]    | Authenticated as bot test#0793
2021-03-27 18:21:50 | [INFO]    | Launching shard 0 (1 out of 1)...
2021-03-27 18:21:50 | [INFO]    | Shard 0 : Connected to wss://gateway.discord.gg
2021-03-27 18:21:50 | [INFO]    | Shard 0 : Received HELLO
2021-03-27 18:21:51 | [INFO]    | Shard 0 : Received READY
2021-03-27 18:22:41 | [INFO]    | Discordia 2.8.4
2021-03-27 18:22:41 | [INFO]    | Connecting to Discord...
2021-03-27 18:22:41 | [INFO]    | Authenticated as bot test#0793
2021-03-27 18:22:41 | [INFO]    | Launching shard 0 (1 out of 1)...
2021-03-27 18:22:41 | [INFO]    | Shard 0 : Connected to wss://gateway.discord.gg
2021-03-27 18:22:41 | [INFO]    | Shard 0 : Received HELLO
2021-03-27 18:22:42 | [INFO]    | Shard 0 : Received READY
2021-03-27 18:24:22 | [INFO]    | Discordia 2.8.4
2021-03-27 18:24:22 | [INFO]    | Connecting to Discord...
2021-03-27 18:24:22 | [INFO]    | Authenticated as bot test#0793
2021-03-27 18:24:22 | [INFO]    | Launching shard 0 (1 out of 1)...
2021-03-27 18:24:22 | [INFO]    | Shard 0 : Connected to wss://gateway.discord.gg
2021-03-27 18:24:22 | [INFO]    | Shard 0 : Received HELLO
2021-03-27 18:24:23 | [INFO]    | Shard 0 : Received READY
2021-03-27 18:25:53 | [INFO]    | Discordia 2.8.4
2021-03-27 18:25:53 | [INFO]    | Connecting to Discord...
2021-03-27 18:25:53 | [INFO]    | Authenticated as bot test#0793
2021-03-27 18:25:53 | [INFO]    | Launching shard 0 (1 out of 1)...
2021-03-27 18:25:54 | [INFO]    | Shard 0 : Connected to wss://gateway.discord.gg
2021-03-27 18:25:54 | [INFO]    | Shard 0 : Received HELLO
2021-03-27 18:25:54 | [INFO]    | Shard 0 : Received READY
2021-03-27 18:30:45 | [INFO]    | Discordia 2.8.4
2021-03-27 18:30:45 | [INFO]    | Connecting to Discord...
2021-03-27 18:30:45 | [INFO]    | Authenticated as bot test#0793
2021-03-27 18:30:45 | [INFO]    | Launching shard 0 (1 out of 1)...
2021-03-27 18:30:45 | [INFO]    | Shard 0 : Connected to wss://gateway.discord.gg
2021-03-27 18:30:45 | [INFO]    | Shard 0 : Received HELLO
2021-03-27 18:30:46 | [INFO]    | Shard 0 : Received READY
2021-03-27 18:31:42 | [INFO]    | Discordia 2.8.4
2021-03-27 18:31:42 | [INFO]    | Connecting to Discord...
2021-03-27 18:31:42 | [INFO]    | Authenticated as bot test#0793
2021-03-27 18:31:42 | [INFO]    | Launching shard 0 (1 out of 1)...
2021-03-27 18:31:43 | [INFO]    | Shard 0 : Connected to wss://gateway.discord.gg
2021-03-27 18:31:43 | [INFO]    | Shard 0 : Received HELLO
2021-03-27 18:31:43 | [INFO]    | Shard 0 : Received READY
2021-03-27 18:36:01 | [INFO]    | Discordia 2.8.4
2021-03-27 18:36:01 | [INFO]    | Connecting to Discord...
2021-03-27 18:36:01 | [INFO]    | Authenticated as bot test#0793
2021-03-27 18:36:01 | [INFO]    | Launching shard 0 (1 out of 1)...
2021-03-27 18:36:02 | [INFO]    | Shard 0 : Connected to wss://gateway.discord.gg
2021-03-27 18:36:02 | [INFO]    | Shard 0 : Received HELLO
2021-03-27 18:36:02 | [INFO]    | Shard 0 : Received READY
2021-03-27 18:38:02 | [INFO]    | Discordia 2.8.4
2021-03-27 18:38:02 | [INFO]    | Connecting to Discord...
2021-03-27 18:38:02 | [INFO]    | Authenticated as bot test#0793
2021-03-27 18:38:02 | [INFO]    | Launching shard 0 (1 out of 1)...
2021-03-27 18:38:03 | [INFO]    | Shard 0 : Connected to wss://gateway.discord.gg
2021-03-27 18:38:03 | [INFO]    | Shard 0 : Received HELLO
2021-03-27 18:38:03 | [INFO]    | Shard 0 : Received READY
2021-03-27 18:57:36 | [INFO]    | Discordia 2.8.4
2021-03-27 18:57:36 | [INFO]    | Connecting to Discord...
2021-03-27 18:57:37 | [INFO]    | Authenticated as bot test#0793
2021-03-27 18:57:37 | [INFO]    | Launching shard 0 (1 out of 1)...
2021-03-27 18:57:38 | [INFO]    | Shard 0 : Connected to wss://gateway.discord.gg
2021-03-27 18:57:38 | [INFO]    | Shard 0 : Received HELLO
2021-03-27 18:57:38 | [INFO]    | Shard 0 : Received READY
2021-03-27 19:00:03 | [INFO]    | Discordia 2.8.4
2021-03-27 19:00:03 | [INFO]    | Connecting to Discord...
2021-03-27 19:00:03 | [INFO]    | Authenticated as bot test#0793
2021-03-27 19:00:03 | [INFO]    | Launching shard 0 (1 out of 1)...
2021-03-27 19:00:04 | [INFO]    | Shard 0 : Connected to wss://gateway.discord.gg
2021-03-27 19:00:04 | [INFO]    | Shard 0 : Received HELLO
2021-03-27 19:00:04 | [INFO]    | Shard 0 : Received READY
2021-03-27 19:01:47 | [INFO]    | Discordia 2.8.4
2021-03-27 19:01:47 | [INFO]    | Connecting to Discord...
2021-03-27 19:01:48 | [INFO]    | Authenticated as bot test#0793
2021-03-27 19:01:48 | [INFO]    | Launching shard 0 (1 out of 1)...
2021-03-27 19:01:48 | [INFO]    | Shard 0 : Connected to wss://gateway.discord.gg
2021-03-27 19:01:48 | [INFO]    | Shard 0 : Received HELLO
2021-03-27 19:01:48 | [INFO]    | Shard 0 : Received READY
2021-03-27 19:04:56 | [INFO]    | Discordia 2.8.4
2021-03-27 19:04:56 | [INFO]    | Connecting to Discord...
2021-03-27 19:04:56 | [INFO]    | Authenticated as bot test#0793
2021-03-27 19:04:56 | [INFO]    | Launching shard 0 (1 out of 1)...
2021-03-27 19:04:56 | [INFO]    | Shard 0 : Connected to wss://gateway.discord.gg
2021-03-27 19:04:56 | [INFO]    | Shard 0 : Received HELLO
2021-03-27 19:04:57 | [INFO]    | Shard 0 : Received READY
2021-03-27 19:06:01 | [INFO]    | Discordia 2.8.4
2021-03-27 19:06:01 | [INFO]    | Connecting to Discord...
2021-03-27 19:06:01 | [INFO]    | Authenticated as bot test#0793
2021-03-27 19:06:01 | [INFO]    | Launching shard 0 (1 out of 1)...
2021-03-27 19:06:01 | [INFO]    | Shard 0 : Connected to wss://gateway.discord.gg
2021-03-27 19:06:01 | [INFO]    | Shard 0 : Received HELLO
2021-03-27 19:06:02 | [INFO]    | Shard 0 : Received READY
2021-03-27 19:07:22 | [INFO]    | Discordia 2.8.4
2021-03-27 19:07:22 | [INFO]    | Connecting to Discord...
2021-03-27 19:07:22 | [INFO]    | Authenticated as bot test#0793
2021-03-27 19:07:22 | [INFO]    | Launching shard 0 (1 out of 1)...
2021-03-27 19:07:22 | [INFO]    | Shard 0 : Connected to wss://gateway.discord.gg
2021-03-27 19:07:22 | [INFO]    | Shard 0 : Received HELLO
2021-03-27 19:07:23 | [INFO]    | Shard 0 : Received READY
2021-03-27 19:07:41 | [INFO]    | Discordia 2.8.4
2021-03-27 19:07:41 | [INFO]    | Connecting to Discord...
2021-03-27 19:07:42 | [INFO]    | Authenticated as bot test#0793
2021-03-27 19:07:42 | [INFO]    | Launching shard 0 (1 out of 1)...
2021-03-27 19:07:42 | [INFO]    | Shard 0 : Connected to wss://gateway.discord.gg
2021-03-27 19:07:42 | [INFO]    | Shard 0 : Received HELLO
2021-03-27 19:07:42 | [INFO]    | Shard 0 : Received READY
2021-03-27 19:09:49 | [INFO]    | Discordia 2.8.4
2021-03-27 19:09:49 | [INFO]    | Connecting to Discord...
2021-03-27 19:09:49 | [INFO]    | Authenticated as bot test#0793
2021-03-27 19:09:49 | [INFO]    | Launching shard 0 (1 out of 1)...
2021-03-27 19:09:50 | [INFO]    | Shard 0 : Connected to wss://gateway.discord.gg
2021-03-27 19:09:50 | [INFO]    | Shard 0 : Received HELLO
2021-03-27 19:09:50 | [INFO]    | Shard 0 : Received READY
2021-03-27 19:09:57 | [INFO]    | Discordia 2.8.4
2021-03-27 19:09:57 | [INFO]    | Connecting to Discord...
2021-03-27 19:09:57 | [INFO]    | Authenticated as bot test#0793
2021-03-27 19:09:57 | [INFO]    | Launching shard 0 (1 out of 1)...
2021-03-27 19:09:58 | [INFO]    | Shard 0 : Connected to wss://gateway.discord.gg
2021-03-27 19:09:58 | [INFO]    | Shard 0 : Received HELLO
2021-03-27 19:09:58 | [INFO]    | Shard 0 : Received READY
2021-03-27 19:22:09 | [INFO]    | Discordia 2.8.4
2021-03-27 19:22:09 | [INFO]    | Connecting to Discord...
2021-03-27 19:22:10 | [INFO]    | Authenticated as bot test#0793
2021-03-27 19:22:10 | [INFO]    | Launching shard 0 (1 out of 1)...
2021-03-27 19:22:10 | [INFO]    | Shard 0 : Connected to wss://gateway.discord.gg
2021-03-27 19:22:10 | [INFO]    | Shard 0 : Received HELLO
2021-03-27 19:22:10 | [INFO]    | Shard 0 : Received READY
2021-03-27 21:32:44 | [INFO]    | Discordia 2.8.4
2021-03-27 21:32:44 | [INFO]    | Connecting to Discord...
2021-03-27 21:32:45 | [INFO]    | Authenticated as bot test#0793
2021-03-27 21:32:45 | [INFO]    | Launching shard 0 (1 out of 1)...
2021-03-27 21:32:46 | [INFO]    | Shard 0 : Connected to wss://gateway.discord.gg
2021-03-27 21:32:46 | [INFO]    | Shard 0 : Received HELLO
2021-03-27 21:32:46 | [INFO]    | Shard 0 : Received READY
2021-03-27 21:35:17 | [INFO]    | Discordia 2.8.4
2021-03-27 21:35:17 | [INFO]    | Connecting to Discord...
2021-03-27 21:35:18 | [INFO]    | Authenticated as bot test#0793
2021-03-27 21:35:18 | [INFO]    | Launching shard 0 (1 out of 1)...
2021-03-27 21:35:18 | [INFO]    | Shard 0 : Connected to wss://gateway.discord.gg
2021-03-27 21:35:18 | [INFO]    | Shard 0 : Received HELLO
2021-03-27 21:35:18 | [INFO]    | Shard 0 : Received READY
2021-03-27 21:35:27 | [INFO]    | Discordia 2.8.4
2021-03-27 21:35:27 | [INFO]    | Connecting to Discord...
2021-03-27 21:35:28 | [INFO]    | Authenticated as bot test#0793
2021-03-27 21:35:28 | [INFO]    | Launching shard 0 (1 out of 1)...
2021-03-27 21:35:28 | [INFO]    | Shard 0 : Connected to wss://gateway.discord.gg
2021-03-27 21:35:28 | [INFO]    | Shard 0 : Received HELLO
2021-03-27 21:35:29 | [INFO]    | Shard 0 : Received READY
2021-03-27 21:39:20 | [INFO]    | Discordia 2.8.4
2021-03-27 21:39:20 | [INFO]    | Connecting to Discord...
2021-03-27 21:39:20 | [INFO]    | Authenticated as bot test#0793
2021-03-27 21:39:20 | [INFO]    | Launching shard 0 (1 out of 1)...
2021-03-27 21:39:21 | [INFO]    | Shard 0 : Connected to wss://gateway.discord.gg
2021-03-27 21:39:21 | [INFO]    | Shard 0 : Received HELLO
2021-03-27 21:39:21 | [INFO]    | Shard 0 : Received READY
2021-03-27 22:33:10 | [INFO]    | Discordia 2.8.4
2021-03-27 22:33:10 | [INFO]    | Connecting to Discord...
2021-03-27 22:33:11 | [INFO]    | Authenticated as bot test#0793
2021-03-27 22:33:11 | [INFO]    | Launching shard 0 (1 out of 1)...
2021-03-27 22:33:11 | [INFO]    | Shard 0 : Connected to wss://gateway.discord.gg
2021-03-27 22:33:11 | [INFO]    | Shard 0 : Received HELLO
2021-03-27 22:33:12 | [INFO]    | Shard 0 : Received READY
2021-03-27 22:34:26 | [INFO]    | Discordia 2.8.4
2021-03-27 22:34:26 | [INFO]    | Connecting to Discord...
2021-03-27 22:34:26 | [INFO]    | Authenticated as bot test#0793
2021-03-27 22:34:26 | [INFO]    | Launching shard 0 (1 out of 1)...
2021-03-27 22:34:26 | [INFO]    | Shard 0 : Connected to wss://gateway.discord.gg
2021-03-27 22:34:26 | [INFO]    | Shard 0 : Received HELLO
2021-03-27 22:34:27 | [INFO]    | Shard 0 : Received READY
2021-03-27 22:55:28 | [INFO]    | Discordia 2.8.4
2021-03-27 22:55:28 | [INFO]    | Connecting to Discord...
2021-03-27 22:55:28 | [INFO]    | Authenticated as bot test#0793
2021-03-27 22:55:28 | [INFO]    | Launching shard 0 (1 out of 1)...
2021-03-27 22:55:29 | [INFO]    | Shard 0 : Connected to wss://gateway.discord.gg
2021-03-27 22:55:29 | [INFO]    | Shard 0 : Received HELLO
2021-03-27 22:55:29 | [INFO]    | Shard 0 : Received READY
2021-03-27 22:56:26 | [INFO]    | Discordia 2.8.4
2021-03-27 22:56:26 | [INFO]    | Connecting to Discord...
2021-03-27 22:56:27 | [INFO]    | Authenticated as bot test#0793
2021-03-27 22:56:27 | [INFO]    | Launching shard 0 (1 out of 1)...
2021-03-27 22:56:27 | [INFO]    | Shard 0 : Connected to wss://gateway.discord.gg
2021-03-27 22:56:27 | [INFO]    | Shard 0 : Received HELLO
2021-03-27 22:56:27 | [INFO]    | Shard 0 : Received READY
2021-03-27 22:58:58 | [INFO]    | Discordia 2.8.4
2021-03-27 22:58:58 | [INFO]    | Connecting to Discord...
2021-03-27 22:58:59 | [INFO]    | Authenticated as bot test#0793
2021-03-27 22:58:59 | [INFO]    | Launching shard 0 (1 out of 1)...
2021-03-27 22:58:59 | [INFO]    | Shard 0 : Connected to wss://gateway.discord.gg
2021-03-27 22:58:59 | [INFO]    | Shard 0 : Received HELLO
2021-03-27 22:58:59 | [INFO]    | Shard 0 : Received READY
2021-03-27 22:59:11 | [INFO]    | Discordia 2.8.4
2021-03-27 22:59:11 | [INFO]    | Connecting to Discord...
2021-03-27 22:59:12 | [INFO]    | Authenticated as bot test#0793
2021-03-27 22:59:12 | [INFO]    | Launching shard 0 (1 out of 1)...
2021-03-27 22:59:12 | [INFO]    | Shard 0 : Connected to wss://gateway.discord.gg
2021-03-27 22:59:12 | [INFO]    | Shard 0 : Received HELLO
2021-03-27 22:59:12 | [INFO]    | Shard 0 : Received READY
2021-03-27 22:59:18 | [INFO]    | Discordia 2.8.4
2021-03-27 22:59:18 | [INFO]    | Connecting to Discord...
2021-03-27 22:59:19 | [INFO]    | Authenticated as bot test#0793
2021-03-27 22:59:19 | [INFO]    | Launching shard 0 (1 out of 1)...
2021-03-27 22:59:19 | [INFO]    | Shard 0 : Connected to wss://gateway.discord.gg
2021-03-27 22:59:19 | [INFO]    | Shard 0 : Received HELLO
2021-03-27 22:59:19 | [INFO]    | Shard 0 : Received READY
2021-03-27 23:34:13 | [INFO]    | Discordia 2.8.4
2021-03-27 23:34:13 | [INFO]    | Connecting to Discord...
2021-03-27 23:34:13 | [INFO]    | Authenticated as bot test#0793
2021-03-27 23:34:13 | [INFO]    | Launching shard 0 (1 out of 1)...
2021-03-27 23:34:14 | [INFO]    | Shard 0 : Connected to wss://gateway.discord.gg
2021-03-27 23:34:14 | [INFO]    | Shard 0 : Received HELLO
2021-03-27 23:34:14 | [INFO]    | Shard 0 : Received READY
2021-03-28 08:25:55 | [INFO]    | Discordia 2.8.4
2021-03-28 08:25:55 | [INFO]    | Connecting to Discord...
2021-03-28 08:25:55 | [INFO]    | Authenticated as bot test#0793
2021-03-28 08:25:56 | [INFO]    | Launching shard 0 (1 out of 1)...
2021-03-28 08:25:56 | [INFO]    | Shard 0 : Connected to wss://gateway.discord.gg
2021-03-28 08:25:56 | [INFO]    | Shard 0 : Received HELLO
2021-03-28 08:25:56 | [INFO]    | Shard 0 : Received READY
2021-03-28 08:29:42 | [INFO]    | Discordia 2.8.4
2021-03-28 08:29:42 | [INFO]    | Connecting to Discord...
2021-03-28 08:29:42 | [INFO]    | Authenticated as bot test#0793
2021-03-28 08:29:42 | [INFO]    | Launching shard 0 (1 out of 1)...
2021-03-28 08:29:43 | [INFO]    | Shard 0 : Connected to wss://gateway.discord.gg
2021-03-28 08:29:43 | [INFO]    | Shard 0 : Received HELLO
2021-03-28 08:29:43 | [INFO]    | Shard 0 : Received READY
2021-03-28 08:36:00 | [INFO]    | Discordia 2.8.4
2021-03-28 08:36:00 | [INFO]    | Connecting to Discord...
2021-03-28 08:36:01 | [INFO]    | Authenticated as bot test#0793
2021-03-28 08:36:01 | [INFO]    | Launching shard 0 (1 out of 1)...
2021-03-28 08:36:01 | [INFO]    | Shard 0 : Connected to wss://gateway.discord.gg
2021-03-28 08:36:01 | [INFO]    | Shard 0 : Received HELLO
2021-03-28 08:36:01 | [INFO]    | Shard 0 : Received READY
2021-03-28 08:36:18 | [INFO]    | Discordia 2.8.4
2021-03-28 08:36:18 | [INFO]    | Connecting to Discord...
2021-03-28 08:36:18 | [INFO]    | Authenticated as bot test#0793
2021-03-28 08:36:18 | [INFO]    | Launching shard 0 (1 out of 1)...
2021-03-28 08:36:18 | [INFO]    | Shard 0 : Connected to wss://gateway.discord.gg
2021-03-28 08:36:18 | [INFO]    | Shard 0 : Received HELLO
2021-03-28 08:36:19 | [INFO]    | Shard 0 : Received READY
2021-03-28 08:36:40 | [ERROR]   | 400 - Bad Request : POST https://discord.com/api/v7/channels/825405618478907426/messages
2021-03-28 08:37:10 | [ERROR]   | 400 - Bad Request : POST https://discord.com/api/v7/channels/825405618478907426/messages
2021-03-28 08:37:47 | [INFO]    | Discordia 2.8.4
2021-03-28 08:37:47 | [INFO]    | Connecting to Discord...
2021-03-28 08:37:48 | [INFO]    | Authenticated as bot test#0793
2021-03-28 08:37:48 | [INFO]    | Launching shard 0 (1 out of 1)...
2021-03-28 08:37:48 | [INFO]    | Shard 0 : Connected to wss://gateway.discord.gg
2021-03-28 08:37:48 | [INFO]    | Shard 0 : Received HELLO
2021-03-28 08:37:48 | [INFO]    | Shard 0 : Received READY
2021-03-28 08:37:58 | [ERROR]   | 400 - Bad Request : POST https://discord.com/api/v7/channels/825405618478907426/messages
2021-03-28 08:39:16 | [INFO]    | Discordia 2.8.4
2021-03-28 08:39:16 | [INFO]    | Connecting to Discord...
2021-03-28 08:39:17 | [INFO]    | Authenticated as bot test#0793
2021-03-28 08:39:17 | [INFO]    | Launching shard 0 (1 out of 1)...
2021-03-28 08:39:17 | [INFO]    | Shard 0 : Connected to wss://gateway.discord.gg
2021-03-28 08:39:17 | [INFO]    | Shard 0 : Received HELLO
2021-03-28 08:39:17 | [INFO]    | Shard 0 : Received READY
2021-03-28 08:39:25 | [ERROR]   | 400 - Bad Request : POST https://discord.com/api/v7/channels/825405618478907426/messages
2021-03-28 08:40:00 | [INFO]    | Discordia 2.8.4
2021-03-28 08:40:00 | [INFO]    | Connecting to Discord...
2021-03-28 08:40:01 | [INFO]    | Authenticated as bot test#0793
2021-03-28 08:40:01 | [INFO]    | Launching shard 0 (1 out of 1)...
2021-03-28 08:40:01 | [INFO]    | Shard 0 : Connected to wss://gateway.discord.gg
2021-03-28 08:40:01 | [INFO]    | Shard 0 : Received HELLO
2021-03-28 08:40:01 | [INFO]    | Shard 0 : Received READY
2021-03-28 08:40:08 | [ERROR]   | 400 - Bad Request : POST https://discord.com/api/v7/channels/825405618478907426/messages
2021-03-28 08:42:06 | [INFO]    | Discordia 2.8.4
2021-03-28 08:42:06 | [INFO]    | Connecting to Discord...
2021-03-28 08:42:06 | [INFO]    | Authenticated as bot test#0793
2021-03-28 08:42:06 | [INFO]    | Launching shard 0 (1 out of 1)...
2021-03-28 08:42:06 | [INFO]    | Shard 0 : Connected to wss://gateway.discord.gg
2021-03-28 08:42:06 | [INFO]    | Shard 0 : Received HELLO
2021-03-28 08:42:07 | [INFO]    | Shard 0 : Received READY
2021-03-28 08:42:12 | [ERROR]   | 400 - Bad Request : POST https://discord.com/api/v7/channels/825405618478907426/messages
2021-03-28 08:44:44 | [INFO]    | Discordia 2.8.4
2021-03-28 08:44:44 | [INFO]    | Connecting to Discord...
2021-03-28 08:44:45 | [INFO]    | Authenticated as bot test#0793
2021-03-28 08:44:45 | [INFO]    | Launching shard 0 (1 out of 1)...
2021-03-28 08:44:45 | [INFO]    | Shard 0 : Connected to wss://gateway.discord.gg
2021-03-28 08:44:45 | [INFO]    | Shard 0 : Received HELLO
2021-03-28 08:44:45 | [INFO]    | Shard 0 : Received READY
2021-03-28 08:44:51 | [ERROR]   | 400 - Bad Request : POST https://discord.com/api/v7/channels/825405618478907426/messages
2021-03-28 08:45:47 | [INFO]    | Discordia 2.8.4
2021-03-28 08:45:47 | [INFO]    | Connecting to Discord...
2021-03-28 08:45:48 | [INFO]    | Authenticated as bot test#0793
2021-03-28 08:45:48 | [INFO]    | Launching shard 0 (1 out of 1)...
2021-03-28 08:45:48 | [INFO]    | Shard 0 : Connected to wss://gateway.discord.gg
2021-03-28 08:45:48 | [INFO]    | Shard 0 : Received HELLO
2021-03-28 08:45:48 | [INFO]    | Shard 0 : Received READY
2021-03-28 08:46:23 | [INFO]    | Discordia 2.8.4
2021-03-28 08:46:23 | [INFO]    | Connecting to Discord...
2021-03-28 08:46:24 | [INFO]    | Authenticated as bot test#0793
2021-03-28 08:46:24 | [INFO]    | Launching shard 0 (1 out of 1)...
2021-03-28 08:46:24 | [INFO]    | Shard 0 : Connected to wss://gateway.discord.gg
2021-03-28 08:46:24 | [INFO]    | Shard 0 : Received HELLO
2021-03-28 08:46:24 | [INFO]    | Shard 0 : Received READY
2021-03-28 08:46:53 | [INFO]    | Discordia 2.8.4
2021-03-28 08:46:53 | [INFO]    | Connecting to Discord...
2021-03-28 08:46:54 | [INFO]    | Authenticated as bot test#0793
2021-03-28 08:46:54 | [INFO]    | Launching shard 0 (1 out of 1)...
2021-03-28 08:46:54 | [INFO]    | Shard 0 : Connected to wss://gateway.discord.gg
2021-03-28 08:46:54 | [INFO]    | Shard 0 : Received HELLO
2021-03-28 08:46:54 | [INFO]    | Shard 0 : Received READY
2021-03-28 08:54:15 | [INFO]    | Discordia 2.8.4
2021-03-28 08:54:15 | [INFO]    | Connecting to Discord...
2021-03-28 08:54:15 | [INFO]    | Authenticated as bot test#0793
2021-03-28 08:54:15 | [INFO]    | Launching shard 0 (1 out of 1)...
2021-03-28 08:54:15 | [INFO]    | Shard 0 : Connected to wss://gateway.discord.gg
2021-03-28 08:54:15 | [INFO]    | Shard 0 : Received HELLO
2021-03-28 08:54:15 | [INFO]    | Shard 0 : Received READY
2021-03-28 09:01:58 | [INFO]    | Discordia 2.8.4
2021-03-28 09:01:58 | [INFO]    | Connecting to Discord...
2021-03-28 09:01:58 | [INFO]    | Authenticated as bot test#0793
2021-03-28 09:01:58 | [INFO]    | Launching shard 0 (1 out of 1)...
2021-03-28 09:01:58 | [INFO]    | Shard 0 : Connected to wss://gateway.discord.gg
2021-03-28 09:01:58 | [INFO]    | Shard 0 : Received HELLO
2021-03-28 09:01:59 | [INFO]    | Shard 0 : Received READY
2021-03-28 09:07:11 | [INFO]    | Discordia 2.8.4
2021-03-28 09:07:11 | [INFO]    | Connecting to Discord...
2021-03-28 09:07:11 | [INFO]    | Authenticated as bot test#0793
2021-03-28 09:07:11 | [INFO]    | Launching shard 0 (1 out of 1)...
2021-03-28 09:07:12 | [INFO]    | Shard 0 : Connected to wss://gateway.discord.gg
2021-03-28 09:07:12 | [INFO]    | Shard 0 : Received HELLO
2021-03-28 09:07:12 | [INFO]    | Shard 0 : Received READY
2021-03-28 09:07:27 | [ERROR]   | 400 - Bad Request : POST https://discord.com/api/v7/channels/825405618478907426/messages
2021-03-28 09:08:04 | [INFO]    | Discordia 2.8.4
2021-03-28 09:08:04 | [INFO]    | Connecting to Discord...
2021-03-28 09:08:04 | [INFO]    | Authenticated as bot test#0793
2021-03-28 09:08:04 | [INFO]    | Launching shard 0 (1 out of 1)...
2021-03-28 09:08:04 | [INFO]    | Shard 0 : Connected to wss://gateway.discord.gg
2021-03-28 09:08:04 | [INFO]    | Shard 0 : Received HELLO
2021-03-28 09:08:05 | [INFO]    | Shard 0 : Received READY
2021-03-28 08:22:31 | [INFO]    | Discordia 2.8.4
2021-03-28 08:22:31 | [INFO]    | Connecting to Discord...
2021-03-28 08:22:31 | [INFO]    | Authenticated as bot test#0793
2021-03-28 08:22:31 | [INFO]    | Launching shard 0 (1 out of 1)...
2021-03-28 08:22:31 | [INFO]    | Shard 0 : Connected to wss://gateway.discord.gg
2021-03-28 08:22:31 | [INFO]    | Shard 0 : Received HELLO
2021-03-28 08:22:32 | [INFO]    | Shard 0 : Received READY
2021-03-28 08:23:43 | [INFO]    | Discordia 2.8.4
2021-03-28 08:23:43 | [INFO]    | Connecting to Discord...
2021-03-28 08:23:44 | [INFO]    | Authenticated as bot test#0793
2021-03-28 08:23:44 | [INFO]    | Launching shard 0 (1 out of 1)...
2021-03-28 08:23:44 | [INFO]    | Shard 0 : Connected to wss://gateway.discord.gg
2021-03-28 08:23:44 | [INFO]    | Shard 0 : Received HELLO
2021-03-28 08:23:44 | [INFO]    | Shard 0 : Received READY
2021-03-28 08:25:42 | [INFO]    | Discordia 2.8.4
2021-03-28 08:25:42 | [INFO]    | Connecting to Discord...
2021-03-28 08:25:42 | [INFO]    | Authenticated as bot test#0793
2021-03-28 08:25:42 | [INFO]    | Launching shard 0 (1 out of 1)...
2021-03-28 08:25:42 | [INFO]    | Shard 0 : Connected to wss://gateway.discord.gg
2021-03-28 08:25:42 | [INFO]    | Shard 0 : Received HELLO
2021-03-28 08:25:43 | [INFO]    | Shard 0 : Received READY
2021-03-28 08:27:40 | [INFO]    | Discordia 2.8.4
2021-03-28 08:27:40 | [INFO]    | Connecting to Discord...
2021-03-28 08:27:40 | [INFO]    | Authenticated as bot test#0793
2021-03-28 08:27:40 | [INFO]    | Launching shard 0 (1 out of 1)...
2021-03-28 08:27:41 | [INFO]    | Shard 0 : Connected to wss://gateway.discord.gg
2021-03-28 08:27:41 | [INFO]    | Shard 0 : Received HELLO
2021-03-28 08:27:41 | [INFO]    | Shard 0 : Received READY
2021-03-28 08:28:16 | [INFO]    | Discordia 2.8.4
2021-03-28 08:28:16 | [INFO]    | Connecting to Discord...
2021-03-28 08:28:17 | [INFO]    | Authenticated as bot test#0793
2021-03-28 08:28:17 | [INFO]    | Launching shard 0 (1 out of 1)...
2021-03-28 08:28:17 | [INFO]    | Shard 0 : Connected to wss://gateway.discord.gg
2021-03-28 08:28:17 | [INFO]    | Shard 0 : Received HELLO
2021-03-28 08:28:17 | [INFO]    | Shard 0 : Received READY
2021-03-28 08:30:46 | [INFO]    | Discordia 2.8.4
2021-03-28 08:30:46 | [INFO]    | Connecting to Discord...
2021-03-28 08:30:46 | [INFO]    | Authenticated as bot test#0793
2021-03-28 08:30:46 | [INFO]    | Launching shard 0 (1 out of 1)...
2021-03-28 08:30:46 | [INFO]    | Shard 0 : Connected to wss://gateway.discord.gg
2021-03-28 08:30:46 | [INFO]    | Shard 0 : Received HELLO
2021-03-28 08:30:47 | [INFO]    | Shard 0 : Received READY
2021-03-28 08:31:04 | [INFO]    | Discordia 2.8.4
2021-03-28 08:31:04 | [INFO]    | Connecting to Discord...
2021-03-28 08:31:04 | [INFO]    | Authenticated as bot test#0793
2021-03-28 08:31:04 | [INFO]    | Launching shard 0 (1 out of 1)...
2021-03-28 08:31:04 | [INFO]    | Shard 0 : Connected to wss://gateway.discord.gg
2021-03-28 08:31:04 | [INFO]    | Shard 0 : Received HELLO
2021-03-28 08:31:05 | [INFO]    | Shard 0 : Received READY
2021-03-28 08:41:48 | [INFO]    | Discordia 2.8.4
2021-03-28 08:41:48 | [INFO]    | Connecting to Discord...
2021-03-28 08:41:48 | [INFO]    | Authenticated as bot test#0793
2021-03-28 08:41:48 | [INFO]    | Launching shard 0 (1 out of 1)...
2021-03-28 08:41:49 | [INFO]    | Shard 0 : Connected to wss://gateway.discord.gg
2021-03-28 08:41:49 | [INFO]    | Shard 0 : Received HELLO
2021-03-28 08:41:49 | [INFO]    | Shard 0 : Received READY
2021-03-28 08:48:39 | [INFO]    | Discordia 2.8.4
2021-03-28 08:48:39 | [INFO]    | Connecting to Discord...
2021-03-28 08:48:39 | [INFO]    | Authenticated as bot test#0793
2021-03-28 08:48:39 | [INFO]    | Launching shard 0 (1 out of 1)...
2021-03-28 08:48:39 | [INFO]    | Shard 0 : Connected to wss://gateway.discord.gg
2021-03-28 08:48:39 | [INFO]    | Shard 0 : Received HELLO
2021-03-28 08:48:40 | [INFO]    | Shard 0 : Received READY
2021-03-28 08:49:15 | [INFO]    | Discordia 2.8.4
2021-03-28 08:49:15 | [INFO]    | Connecting to Discord...
2021-03-28 08:49:15 | [INFO]    | Authenticated as bot test#0793
2021-03-28 08:49:15 | [INFO]    | Launching shard 0 (1 out of 1)...
2021-03-28 08:49:15 | [INFO]    | Shard 0 : Connected to wss://gateway.discord.gg
2021-03-28 08:49:15 | [INFO]    | Shard 0 : Received HELLO
2021-03-28 08:49:15 | [INFO]    | Shard 0 : Received READY
2021-03-28 09:06:18 | [INFO]    | Discordia 2.8.4
2021-03-28 09:06:18 | [INFO]    | Connecting to Discord...
2021-03-28 09:06:19 | [INFO]    | Authenticated as bot test#0793
2021-03-28 09:06:19 | [INFO]    | Launching shard 0 (1 out of 1)...
2021-03-28 09:06:19 | [INFO]    | Shard 0 : Connected to wss://gateway.discord.gg
2021-03-28 09:06:19 | [INFO]    | Shard 0 : Received HELLO
2021-03-28 09:06:19 | [INFO]    | Shard 0 : Received READY
2021-03-28 09:08:07 | [INFO]    | Discordia 2.8.4
2021-03-28 09:08:07 | [INFO]    | Connecting to Discord...
2021-03-28 09:08:08 | [INFO]    | Authenticated as bot test#0793
2021-03-28 09:08:08 | [INFO]    | Launching shard 0 (1 out of 1)...
2021-03-28 09:08:08 | [INFO]    | Shard 0 : Connected to wss://gateway.discord.gg
2021-03-28 09:08:08 | [INFO]    | Shard 0 : Received HELLO
2021-03-28 09:08:08 | [INFO]    | Shard 0 : Received READY
2021-03-28 09:10:12 | [INFO]    | Discordia 2.8.4
2021-03-28 09:10:12 | [INFO]    | Connecting to Discord...
2021-03-28 09:10:13 | [INFO]    | Authenticated as bot test#0793
2021-03-28 09:10:13 | [INFO]    | Launching shard 0 (1 out of 1)...
2021-03-28 09:10:13 | [INFO]    | Shard 0 : Connected to wss://gateway.discord.gg
2021-03-28 09:10:13 | [INFO]    | Shard 0 : Received HELLO
2021-03-28 09:10:13 | [INFO]    | Shard 0 : Received READY
2021-03-28 09:22:35 | [INFO]    | Discordia 2.8.4
2021-03-28 09:22:35 | [INFO]    | Connecting to Discord...
2021-03-28 09:22:35 | [INFO]    | Authenticated as bot test#0793
2021-03-28 09:22:35 | [INFO]    | Launching shard 0 (1 out of 1)...
2021-03-28 09:22:35 | [INFO]    | Shard 0 : Connected to wss://gateway.discord.gg
2021-03-28 09:22:35 | [INFO]    | Shard 0 : Received HELLO
2021-03-28 09:22:35 | [INFO]    | Shard 0 : Received READY
2021-03-28 09:25:03 | [INFO]    | Discordia 2.8.4
2021-03-28 09:25:03 | [INFO]    | Connecting to Discord...
2021-03-28 09:25:03 | [INFO]    | Authenticated as bot test#0793
2021-03-28 09:25:03 | [INFO]    | Launching shard 0 (1 out of 1)...
2021-03-28 09:25:04 | [INFO]    | Shard 0 : Connected to wss://gateway.discord.gg
2021-03-28 09:25:04 | [INFO]    | Shard 0 : Received HELLO
2021-03-28 09:25:04 | [INFO]    | Shard 0 : Received READY
2021-03-28 09:27:06 | [INFO]    | Discordia 2.8.4
2021-03-28 09:27:06 | [INFO]    | Connecting to Discord...
2021-03-28 09:27:07 | [INFO]    | Authenticated as bot test#0793
2021-03-28 09:27:07 | [INFO]    | Launching shard 0 (1 out of 1)...
2021-03-28 09:27:07 | [INFO]    | Shard 0 : Connected to wss://gateway.discord.gg
2021-03-28 09:27:07 | [INFO]    | Shard 0 : Received HELLO
2021-03-28 09:27:08 | [INFO]    | Shard 0 : Received READY
2021-03-28 10:37:38 | [INFO]    | Discordia 2.8.4
2021-03-28 10:37:38 | [INFO]    | Connecting to Discord...
2021-03-28 10:37:39 | [INFO]    | Authenticated as bot test#0793
2021-03-28 10:37:39 | [INFO]    | Launching shard 0 (1 out of 1)...
2021-03-28 10:37:39 | [INFO]    | Shard 0 : Connected to wss://gateway.discord.gg
2021-03-28 10:37:39 | [INFO]    | Shard 0 : Received HELLO
2021-03-28 10:37:40 | [INFO]    | Shard 0 : Received READY
2021-03-28 10:48:15 | [INFO]    | Discordia 2.8.4
2021-03-28 10:48:15 | [INFO]    | Connecting to Discord...
2021-03-28 10:48:15 | [INFO]    | Authenticated as bot test#0793
2021-03-28 10:48:15 | [INFO]    | Launching shard 0 (1 out of 1)...
2021-03-28 10:48:16 | [INFO]    | Shard 0 : Connected to wss://gateway.discord.gg
2021-03-28 10:48:16 | [INFO]    | Shard 0 : Received HELLO
2021-03-28 10:48:16 | [INFO]    | Shard 0 : Received READY
2021-03-28 17:36:40 | [INFO]    | Discordia 2.8.4
2021-03-28 17:36:40 | [INFO]    | Connecting to Discord...
2021-03-28 17:36:40 | [INFO]    | Authenticated as bot test#0793
2021-03-28 17:36:40 | [INFO]    | Launching shard 0 (1 out of 1)...
2021-03-28 17:36:41 | [INFO]    | Shard 0 : Connected to wss://gateway.discord.gg
2021-03-28 17:36:41 | [INFO]    | Shard 0 : Received HELLO
2021-03-28 17:36:41 | [INFO]    | Shard 0 : Received READY
2021-03-28 17:37:29 | [INFO]    | Discordia 2.8.4
2021-03-28 17:37:29 | [INFO]    | Connecting to Discord...
2021-03-28 17:37:29 | [INFO]    | Authenticated as bot test#0793
2021-03-28 17:37:29 | [INFO]    | Launching shard 0 (1 out of 1)...
2021-03-28 17:37:29 | [INFO]    | Shard 0 : Connected to wss://gateway.discord.gg
2021-03-28 17:37:29 | [INFO]    | Shard 0 : Received HELLO
2021-03-28 17:37:29 | [INFO]    | Shard 0 : Received READY
2021-03-28 17:41:45 | [INFO]    | Discordia 2.8.4
2021-03-28 17:41:45 | [INFO]    | Connecting to Discord...
2021-03-28 17:41:46 | [INFO]    | Authenticated as bot test#0793
2021-03-28 17:41:46 | [INFO]    | Launching shard 0 (1 out of 1)...
2021-03-28 17:41:46 | [INFO]    | Shard 0 : Connected to wss://gateway.discord.gg
2021-03-28 17:41:46 | [INFO]    | Shard 0 : Received HELLO
2021-03-28 17:41:46 | [INFO]    | Shard 0 : Received READY
2021-03-28 17:43:55 | [INFO]    | Discordia 2.8.4
2021-03-28 17:43:55 | [INFO]    | Connecting to Discord...
2021-03-28 17:43:55 | [INFO]    | Authenticated as bot test#0793
2021-03-28 17:43:55 | [INFO]    | Launching shard 0 (1 out of 1)...
2021-03-28 17:43:56 | [INFO]    | Shard 0 : Connected to wss://gateway.discord.gg
2021-03-28 17:43:56 | [INFO]    | Shard 0 : Received HELLO
2021-03-28 17:43:56 | [INFO]    | Shard 0 : Received READY
2021-03-28 17:44:18 | [INFO]    | Discordia 2.8.4
2021-03-28 17:44:18 | [INFO]    | Connecting to Discord...
2021-03-28 17:44:18 | [INFO]    | Authenticated as bot test#0793
2021-03-28 17:44:18 | [INFO]    | Launching shard 0 (1 out of 1)...
2021-03-28 17:44:19 | [INFO]    | Shard 0 : Connected to wss://gateway.discord.gg
2021-03-28 17:44:19 | [INFO]    | Shard 0 : Received HELLO
2021-03-28 17:44:19 | [INFO]    | Shard 0 : Received READY
2021-03-28 17:52:35 | [INFO]    | Discordia 2.8.4
2021-03-28 17:52:35 | [INFO]    | Connecting to Discord...
2021-03-28 17:52:36 | [INFO]    | Authenticated as bot test#0793
2021-03-28 17:52:36 | [INFO]    | Launching shard 0 (1 out of 1)...
2021-03-28 17:52:36 | [INFO]    | Shard 0 : Connected to wss://gateway.discord.gg
2021-03-28 17:52:36 | [INFO]    | Shard 0 : Received HELLO
2021-03-28 17:52:36 | [INFO]    | Shard 0 : Received READY
2021-03-28 18:05:16 | [INFO]    | Discordia 2.8.4
2021-03-28 18:05:16 | [INFO]    | Connecting to Discord...
2021-03-28 18:05:16 | [INFO]    | Authenticated as bot test#0793
2021-03-28 18:05:16 | [INFO]    | Launching shard 0 (1 out of 1)...
2021-03-28 18:05:16 | [INFO]    | Shard 0 : Connected to wss://gateway.discord.gg
2021-03-28 18:05:16 | [INFO]    | Shard 0 : Received HELLO
2021-03-28 18:05:16 | [INFO]    | Shard 0 : Received READY
2021-03-28 18:10:26 | [INFO]    | Discordia 2.8.4
2021-03-28 18:10:26 | [INFO]    | Connecting to Discord...
2021-03-28 18:10:26 | [INFO]    | Authenticated as bot test#0793
2021-03-28 18:10:26 | [INFO]    | Launching shard 0 (1 out of 1)...
2021-03-28 18:10:27 | [INFO]    | Shard 0 : Connected to wss://gateway.discord.gg
2021-03-28 18:10:27 | [INFO]    | Shard 0 : Received HELLO
2021-03-28 18:10:27 | [INFO]    | Shard 0 : Received READY
2021-03-28 18:12:01 | [INFO]    | Discordia 2.8.4
2021-03-28 18:12:01 | [INFO]    | Connecting to Discord...
2021-03-28 18:12:02 | [INFO]    | Authenticated as bot test#0793
2021-03-28 18:12:02 | [INFO]    | Launching shard 0 (1 out of 1)...
2021-03-28 18:12:02 | [INFO]    | Shard 0 : Connected to wss://gateway.discord.gg
2021-03-28 18:12:02 | [INFO]    | Shard 0 : Received HELLO
2021-03-28 18:12:02 | [INFO]    | Shard 0 : Received READY
2021-03-28 18:12:55 | [INFO]    | Discordia 2.8.4
2021-03-28 18:12:55 | [INFO]    | Connecting to Discord...
2021-03-28 18:12:56 | [INFO]    | Authenticated as bot test#0793
2021-03-28 18:12:56 | [INFO]    | Launching shard 0 (1 out of 1)...
2021-03-28 18:12:56 | [INFO]    | Shard 0 : Connected to wss://gateway.discord.gg
2021-03-28 18:12:56 | [INFO]    | Shard 0 : Received HELLO
2021-03-28 18:12:56 | [INFO]    | Shard 0 : Received READY
2021-03-28 18:16:37 | [INFO]    | Discordia 2.8.4
2021-03-28 18:16:37 | [INFO]    | Connecting to Discord...
2021-03-28 18:16:37 | [INFO]    | Authenticated as bot test#0793
2021-03-28 18:16:37 | [INFO]    | Launching shard 0 (1 out of 1)...
2021-03-28 18:16:38 | [INFO]    | Shard 0 : Connected to wss://gateway.discord.gg
2021-03-28 18:16:38 | [INFO]    | Shard 0 : Received HELLO
2021-03-28 18:16:38 | [INFO]    | Shard 0 : Received READY
2021-03-28 18:16:44 | [ERROR]   | 400 - Bad Request : POST https://discord.com/api/v7/channels/825405618478907426/messages
2021-03-28 18:17:11 | [INFO]    | Discordia 2.8.4
2021-03-28 18:17:11 | [INFO]    | Connecting to Discord...
2021-03-28 18:17:11 | [INFO]    | Authenticated as bot test#0793
2021-03-28 18:17:11 | [INFO]    | Launching shard 0 (1 out of 1)...
2021-03-28 18:17:11 | [INFO]    | Shard 0 : Connected to wss://gateway.discord.gg
2021-03-28 18:17:11 | [INFO]    | Shard 0 : Received HELLO
2021-03-28 18:17:12 | [INFO]    | Shard 0 : Received READY
2021-03-28 18:22:06 | [INFO]    | Discordia 2.8.4
2021-03-28 18:22:06 | [INFO]    | Connecting to Discord...
2021-03-28 18:22:07 | [INFO]    | Authenticated as bot test#0793
2021-03-28 18:22:07 | [INFO]    | Launching shard 0 (1 out of 1)...
2021-03-28 18:22:07 | [INFO]    | Shard 0 : Connected to wss://gateway.discord.gg
2021-03-28 18:22:07 | [INFO]    | Shard 0 : Received HELLO
2021-03-28 18:22:07 | [INFO]    | Shard 0 : Received READY
2021-03-28 18:22:12 | [ERROR]   | 400 - Bad Request : POST https://discord.com/api/v7/channels/825405618478907426/messages
2021-03-28 18:22:39 | [INFO]    | Discordia 2.8.4
2021-03-28 18:22:39 | [INFO]    | Connecting to Discord...
2021-03-28 18:22:40 | [INFO]    | Authenticated as bot test#0793
2021-03-28 18:22:40 | [INFO]    | Launching shard 0 (1 out of 1)...
2021-03-28 18:22:40 | [INFO]    | Shard 0 : Connected to wss://gateway.discord.gg
2021-03-28 18:22:40 | [INFO]    | Shard 0 : Received HELLO
2021-03-28 18:22:40 | [INFO]    | Shard 0 : Received READY
2021-03-28 18:22:48 | [ERROR]   | 400 - Bad Request : POST https://discord.com/api/v7/channels/825405618478907426/messages
2021-03-28 18:26:11 | [INFO]    | Discordia 2.8.4
2021-03-28 18:26:11 | [INFO]    | Connecting to Discord...
2021-03-28 18:26:11 | [INFO]    | Authenticated as bot test#0793
2021-03-28 18:26:11 | [INFO]    | Launching shard 0 (1 out of 1)...
2021-03-28 18:26:11 | [INFO]    | Shard 0 : Connected to wss://gateway.discord.gg
2021-03-28 18:26:11 | [INFO]    | Shard 0 : Received HELLO
2021-03-28 18:26:12 | [INFO]    | Shard 0 : Received READY
2021-03-28 18:27:16 | [INFO]    | Discordia 2.8.4
2021-03-28 18:27:16 | [INFO]    | Connecting to Discord...
2021-03-28 18:27:16 | [INFO]    | Authenticated as bot test#0793
2021-03-28 18:27:16 | [INFO]    | Launching shard 0 (1 out of 1)...
2021-03-28 18:27:16 | [INFO]    | Shard 0 : Connected to wss://gateway.discord.gg
2021-03-28 18:27:16 | [INFO]    | Shard 0 : Received HELLO
2021-03-28 18:27:17 | [INFO]    | Shard 0 : Received READY
2021-03-28 18:27:52 | [ERROR]   | 400 - Bad Request : POST https://discord.com/api/v7/channels/825405618478907426/messages
2021-03-28 18:28:27 | [INFO]    | Discordia 2.8.4
2021-03-28 18:28:27 | [INFO]    | Connecting to Discord...
2021-03-28 18:28:27 | [INFO]    | Authenticated as bot test#0793
2021-03-28 18:28:27 | [INFO]    | Launching shard 0 (1 out of 1)...
2021-03-28 18:28:27 | [INFO]    | Shard 0 : Connected to wss://gateway.discord.gg
2021-03-28 18:28:27 | [INFO]    | Shard 0 : Received HELLO
2021-03-28 18:28:27 | [INFO]    | Shard 0 : Received READY
2021-03-28 18:39:00 | [INFO]    | Discordia 2.8.4
2021-03-28 18:39:00 | [INFO]    | Connecting to Discord...
2021-03-28 18:39:01 | [INFO]    | Authenticated as bot test#0793
2021-03-28 18:39:01 | [INFO]    | Launching shard 0 (1 out of 1)...
2021-03-28 18:39:01 | [INFO]    | Shard 0 : Connected to wss://gateway.discord.gg
2021-03-28 18:39:01 | [INFO]    | Shard 0 : Received HELLO
2021-03-28 18:39:01 | [INFO]    | Shard 0 : Received READY
2021-03-28 18:43:15 | [INFO]    | Discordia 2.8.4
2021-03-28 18:43:15 | [INFO]    | Connecting to Discord...
2021-03-28 18:43:15 | [INFO]    | Authenticated as bot test#0793
2021-03-28 18:43:15 | [INFO]    | Launching shard 0 (1 out of 1)...
2021-03-28 18:43:16 | [INFO]    | Shard 0 : Connected to wss://gateway.discord.gg
2021-03-28 18:43:16 | [INFO]    | Shard 0 : Received HELLO
2021-03-28 18:43:16 | [INFO]    | Shard 0 : Received READY
2021-03-28 18:44:12 | [INFO]    | Discordia 2.8.4
2021-03-28 18:44:12 | [INFO]    | Connecting to Discord...
2021-03-28 18:44:12 | [INFO]    | Authenticated as bot test#0793
2021-03-28 18:44:12 | [INFO]    | Launching shard 0 (1 out of 1)...
2021-03-28 18:44:12 | [INFO]    | Shard 0 : Connected to wss://gateway.discord.gg
2021-03-28 18:44:12 | [INFO]    | Shard 0 : Received HELLO
2021-03-28 18:44:13 | [INFO]    | Shard 0 : Received READY
2021-03-28 18:45:21 | [INFO]    | Discordia 2.8.4
2021-03-28 18:45:21 | [INFO]    | Connecting to Discord...
2021-03-28 18:45:21 | [INFO]    | Authenticated as bot test#0793
2021-03-28 18:45:21 | [INFO]    | Launching shard 0 (1 out of 1)...
2021-03-28 18:45:21 | [INFO]    | Shard 0 : Connected to wss://gateway.discord.gg
2021-03-28 18:45:21 | [INFO]    | Shard 0 : Received HELLO
2021-03-28 18:45:22 | [INFO]    | Shard 0 : Received READY
2021-03-28 22:38:54 | [INFO]    | Discordia 2.8.4
2021-03-28 22:38:54 | [INFO]    | Connecting to Discord...
2021-03-28 22:38:54 | [INFO]    | Authenticated as bot test#0793
2021-03-28 22:38:55 | [INFO]    | Launching shard 0 (1 out of 1)...
2021-03-28 22:38:55 | [INFO]    | Shard 0 : Connected to wss://gateway.discord.gg
2021-03-28 22:38:55 | [INFO]    | Shard 0 : Received HELLO
2021-03-28 22:38:55 | [INFO]    | Shard 0 : Received READY
2021-03-28 22:39:15 | [INFO]    | Discordia 2.8.4
2021-03-28 22:39:15 | [INFO]    | Connecting to Discord...
2021-03-28 22:39:16 | [INFO]    | Authenticated as bot test#0793
2021-03-28 22:39:16 | [INFO]    | Launching shard 0 (1 out of 1)...
2021-03-28 22:39:16 | [INFO]    | Shard 0 : Connected to wss://gateway.discord.gg
2021-03-28 22:39:16 | [INFO]    | Shard 0 : Received HELLO
2021-03-28 22:39:16 | [INFO]    | Shard 0 : Received READY
2021-03-28 22:41:09 | [INFO]    | Discordia 2.8.4
2021-03-28 22:41:09 | [INFO]    | Connecting to Discord...
2021-03-28 22:41:09 | [INFO]    | Authenticated as bot test#0793
2021-03-28 22:41:09 | [INFO]    | Launching shard 0 (1 out of 1)...
2021-03-28 22:41:09 | [INFO]    | Shard 0 : Connected to wss://gateway.discord.gg
2021-03-28 22:41:09 | [INFO]    | Shard 0 : Received HELLO
2021-03-28 22:41:09 | [INFO]    | Shard 0 : Received READY
2021-03-28 22:42:14 | [INFO]    | Discordia 2.8.4
2021-03-28 22:42:14 | [INFO]    | Connecting to Discord...
2021-03-28 22:42:14 | [INFO]    | Authenticated as bot test#0793
2021-03-28 22:42:14 | [INFO]    | Launching shard 0 (1 out of 1)...
2021-03-28 22:42:14 | [INFO]    | Shard 0 : Connected to wss://gateway.discord.gg
2021-03-28 22:42:14 | [INFO]    | Shard 0 : Received HELLO
2021-03-28 22:42:15 | [INFO]    | Shard 0 : Received READY
2021-03-28 22:43:04 | [INFO]    | Discordia 2.8.4
2021-03-28 22:43:04 | [INFO]    | Connecting to Discord...
2021-03-28 22:43:04 | [INFO]    | Authenticated as bot test#0793
2021-03-28 22:43:04 | [INFO]    | Launching shard 0 (1 out of 1)...
2021-03-28 22:43:04 | [INFO]    | Shard 0 : Connected to wss://gateway.discord.gg
2021-03-28 22:43:04 | [INFO]    | Shard 0 : Received HELLO
2021-03-28 22:43:05 | [INFO]    | Shard 0 : Received READY
2021-03-28 22:44:22 | [INFO]    | Discordia 2.8.4
2021-03-28 22:44:22 | [INFO]    | Connecting to Discord...
2021-03-28 22:44:22 | [INFO]    | Authenticated as bot test#0793
2021-03-28 22:44:22 | [INFO]    | Launching shard 0 (1 out of 1)...
2021-03-28 22:44:22 | [INFO]    | Shard 0 : Connected to wss://gateway.discord.gg
2021-03-28 22:44:22 | [INFO]    | Shard 0 : Received HELLO
2021-03-28 22:44:23 | [INFO]    | Shard 0 : Received READY
2021-03-28 22:53:09 | [INFO]    | Discordia 2.8.4
2021-03-28 22:53:09 | [INFO]    | Connecting to Discord...
2021-03-28 22:53:09 | [INFO]    | Authenticated as bot test#0793
2021-03-28 22:53:09 | [INFO]    | Launching shard 0 (1 out of 1)...
2021-03-28 22:53:10 | [INFO]    | Shard 0 : Connected to wss://gateway.discord.gg
2021-03-28 22:53:10 | [INFO]    | Shard 0 : Received HELLO
2021-03-28 22:53:10 | [INFO]    | Shard 0 : Received READY
2021-03-28 22:54:10 | [INFO]    | Discordia 2.8.4
2021-03-28 22:54:10 | [INFO]    | Connecting to Discord...
2021-03-28 22:54:10 | [INFO]    | Authenticated as bot test#0793
2021-03-28 22:54:10 | [INFO]    | Launching shard 0 (1 out of 1)...
2021-03-28 22:54:10 | [INFO]    | Shard 0 : Connected to wss://gateway.discord.gg
2021-03-28 22:54:10 | [INFO]    | Shard 0 : Received HELLO
2021-03-28 22:54:11 | [INFO]    | Shard 0 : Received READY
2021-03-30 20:04:15 | [INFO]    | Discordia 2.8.4
2021-03-30 20:04:15 | [INFO]    | Connecting to Discord...
2021-03-30 20:04:15 | [INFO]    | Authenticated as N.E.R.V.O#0793
2021-03-30 20:04:16 | [INFO]    | Launching shard 0 (1 out of 1)...
2021-03-30 20:04:16 | [INFO]    | Shard 0 : Connected to wss://gateway.discord.gg
2021-03-30 20:04:16 | [INFO]    | Shard 0 : Received HELLO
2021-03-30 20:04:16 | [INFO]    | Shard 0 : Received READY
2021-03-31 14:13:21 | [INFO]    | Discordia 2.8.4
2021-03-31 14:13:21 | [INFO]    | Connecting to Discord...
2021-03-31 14:13:22 | [INFO]    | Authenticated as N.E.R.V.O#0793
2021-03-31 14:13:22 | [INFO]    | Launching shard 0 (1 out of 1)...
2021-03-31 14:13:23 | [INFO]    | Shard 0 : Connected to wss://gateway.discord.gg
2021-03-31 14:13:23 | [INFO]    | Shard 0 : Received HELLO
2021-03-31 14:13:23 | [INFO]    | Shard 0 : Received READY
2021-03-31 14:14:12 | [INFO]    | Discordia 2.8.4
2021-03-31 14:14:12 | [INFO]    | Connecting to Discord...
2021-03-31 14:14:12 | [INFO]    | Authenticated as N.E.R.V.O#0793
2021-03-31 14:14:12 | [INFO]    | Launching shard 0 (1 out of 1)...
2021-03-31 14:14:13 | [INFO]    | Shard 0 : Connected to wss://gateway.discord.gg
2021-03-31 14:14:13 | [INFO]    | Shard 0 : Received HELLO
2021-03-31 14:14:13 | [INFO]    | Shard 0 : Received READY
2021-03-31 14:14:37 | [INFO]    | Discordia 2.8.4
2021-03-31 14:14:37 | [INFO]    | Connecting to Discord...
2021-03-31 14:14:38 | [INFO]    | Authenticated as N.E.R.V.O#0793
2021-03-31 14:14:38 | [INFO]    | Launching shard 0 (1 out of 1)...
2021-03-31 14:14:38 | [INFO]    | Shard 0 : Connected to wss://gateway.discord.gg
2021-03-31 14:14:38 | [INFO]    | Shard 0 : Received HELLO
2021-03-31 14:14:38 | [INFO]    | Shard 0 : Received READY
2021-03-31 14:20:04 | [INFO]    | Discordia 2.8.4
2021-03-31 14:20:04 | [INFO]    | Connecting to Discord...
2021-03-31 14:20:04 | [INFO]    | Authenticated as N.E.R.V.O#0793
2021-03-31 14:20:04 | [INFO]    | Launching shard 0 (1 out of 1)...
2021-03-31 14:20:05 | [INFO]    | Shard 0 : Connected to wss://gateway.discord.gg
2021-03-31 14:20:05 | [INFO]    | Shard 0 : Received HELLO
2021-03-31 14:20:05 | [INFO]    | Shard 0 : Received READY
2021-03-31 14:22:35 | [INFO]    | Discordia 2.8.4
2021-03-31 14:22:35 | [INFO]    | Connecting to Discord...
2021-03-31 14:22:35 | [INFO]    | Authenticated as N.E.R.V.O#0793
2021-03-31 14:22:35 | [INFO]    | Launching shard 0 (1 out of 1)...
2021-03-31 14:22:35 | [INFO]    | Shard 0 : Connected to wss://gateway.discord.gg
2021-03-31 14:22:35 | [INFO]    | Shard 0 : Received HELLO
2021-03-31 14:22:36 | [INFO]    | Shard 0 : Received READY
2021-03-31 14:23:54 | [INFO]    | Discordia 2.8.4
2021-03-31 14:23:54 | [INFO]    | Connecting to Discord...
2021-03-31 14:23:55 | [INFO]    | Authenticated as N.E.R.V.O#0793
2021-03-31 14:23:55 | [INFO]    | Launching shard 0 (1 out of 1)...
2021-03-31 14:23:55 | [INFO]    | Shard 0 : Connected to wss://gateway.discord.gg
2021-03-31 14:23:55 | [INFO]    | Shard 0 : Received HELLO
2021-03-31 14:23:55 | [INFO]    | Shard 0 : Received READY
2021-03-31 14:24:57 | [INFO]    | Discordia 2.8.4
2021-03-31 14:24:57 | [INFO]    | Connecting to Discord...
2021-03-31 14:24:58 | [INFO]    | Authenticated as N.E.R.V.O#0793
2021-03-31 14:24:58 | [INFO]    | Launching shard 0 (1 out of 1)...
2021-03-31 14:24:58 | [INFO]    | Shard 0 : Connected to wss://gateway.discord.gg
2021-03-31 14:24:58 | [INFO]    | Shard 0 : Received HELLO
2021-03-31 14:24:58 | [INFO]    | Shard 0 : Received READY
2021-03-31 14:25:30 | [INFO]    | Discordia 2.8.4
2021-03-31 14:25:30 | [INFO]    | Connecting to Discord...
2021-03-31 14:25:30 | [INFO]    | Authenticated as N.E.R.V.O#0793
2021-03-31 14:25:30 | [INFO]    | Launching shard 0 (1 out of 1)...
2021-03-31 14:25:31 | [INFO]    | Shard 0 : Connected to wss://gateway.discord.gg
2021-03-31 14:25:31 | [INFO]    | Shard 0 : Received HELLO
2021-03-31 14:25:31 | [INFO]    | Shard 0 : Received READY
2021-03-31 14:26:36 | [INFO]    | Discordia 2.8.4
2021-03-31 14:26:36 | [INFO]    | Connecting to Discord...
2021-03-31 14:26:37 | [INFO]    | Authenticated as N.E.R.V.O#0793
2021-03-31 14:26:37 | [INFO]    | Launching shard 0 (1 out of 1)...
2021-03-31 14:26:37 | [INFO]    | Shard 0 : Connected to wss://gateway.discord.gg
2021-03-31 14:26:37 | [INFO]    | Shard 0 : Received HELLO
2021-03-31 14:26:37 | [INFO]    | Shard 0 : Received READY
2021-03-31 14:27:07 | [INFO]    | Discordia 2.8.4
2021-03-31 14:27:07 | [INFO]    | Connecting to Discord...
2021-03-31 14:27:07 | [INFO]    | Authenticated as N.E.R.V.O#0793
2021-03-31 14:27:07 | [INFO]    | Launching shard 0 (1 out of 1)...
2021-03-31 14:27:08 | [INFO]    | Shard 0 : Connected to wss://gateway.discord.gg
2021-03-31 14:27:08 | [INFO]    | Shard 0 : Received HELLO
2021-03-31 14:27:08 | [INFO]    | Shard 0 : Received READY
2021-03-31 14:29:25 | [INFO]    | Discordia 2.8.4
2021-03-31 14:29:25 | [INFO]    | Connecting to Discord...
2021-03-31 14:29:26 | [INFO]    | Authenticated as N.E.R.V.O#0793
2021-03-31 14:29:26 | [INFO]    | Launching shard 0 (1 out of 1)...
2021-03-31 14:29:26 | [INFO]    | Shard 0 : Connected to wss://gateway.discord.gg
2021-03-31 14:29:26 | [INFO]    | Shard 0 : Received HELLO
2021-03-31 14:29:26 | [INFO]    | Shard 0 : Received READY
2021-03-31 14:32:07 | [INFO]    | Discordia 2.8.4
2021-03-31 14:32:07 | [INFO]    | Connecting to Discord...
2021-03-31 14:32:07 | [INFO]    | Authenticated as N.E.R.V.O#0793
2021-03-31 14:32:07 | [INFO]    | Launching shard 0 (1 out of 1)...
2021-03-31 14:32:08 | [INFO]    | Shard 0 : Connected to wss://gateway.discord.gg
2021-03-31 14:32:08 | [INFO]    | Shard 0 : Received HELLO
2021-03-31 14:32:08 | [INFO]    | Shard 0 : Received READY
2021-03-31 14:32:26 | [INFO]    | Discordia 2.8.4
2021-03-31 14:32:26 | [INFO]    | Connecting to Discord...
2021-03-31 14:32:26 | [INFO]    | Authenticated as N.E.R.V.O#0793
2021-03-31 14:32:26 | [INFO]    | Launching shard 0 (1 out of 1)...
2021-03-31 14:32:27 | [INFO]    | Shard 0 : Connected to wss://gateway.discord.gg
2021-03-31 14:32:27 | [INFO]    | Shard 0 : Received HELLO
2021-03-31 14:32:27 | [INFO]    | Shard 0 : Received READY
2021-03-31 14:39:34 | [INFO]    | Discordia 2.8.4
2021-03-31 14:39:34 | [INFO]    | Connecting to Discord...
2021-03-31 14:39:35 | [INFO]    | Authenticated as N.E.R.V.O#0793
2021-03-31 14:39:35 | [INFO]    | Launching shard 0 (1 out of 1)...
2021-03-31 14:39:35 | [INFO]    | Shard 0 : Connected to wss://gateway.discord.gg
2021-03-31 14:39:35 | [INFO]    | Shard 0 : Received HELLO
2021-03-31 14:39:35 | [INFO]    | Shard 0 : Received READY
2021-03-31 14:40:12 | [INFO]    | Discordia 2.8.4
2021-03-31 14:40:12 | [INFO]    | Connecting to Discord...
2021-03-31 14:40:12 | [INFO]    | Authenticated as N.E.R.V.O#0793
2021-03-31 14:40:12 | [INFO]    | Launching shard 0 (1 out of 1)...
2021-03-31 14:40:13 | [INFO]    | Shard 0 : Connected to wss://gateway.discord.gg
2021-03-31 14:40:13 | [INFO]    | Shard 0 : Received HELLO
2021-03-31 14:40:13 | [INFO]    | Shard 0 : Received READY
2021-03-31 14:40:49 | [INFO]    | Discordia 2.8.4
2021-03-31 14:40:49 | [INFO]    | Connecting to Discord...
2021-03-31 14:40:49 | [INFO]    | Authenticated as N.E.R.V.O#0793
2021-03-31 14:40:49 | [INFO]    | Launching shard 0 (1 out of 1)...
2021-03-31 14:40:50 | [INFO]    | Shard 0 : Connected to wss://gateway.discord.gg
2021-03-31 14:40:50 | [INFO]    | Shard 0 : Received HELLO
2021-03-31 14:40:50 | [INFO]    | Shard 0 : Received READY
2021-03-31 14:41:22 | [INFO]    | Discordia 2.8.4
2021-03-31 14:41:22 | [INFO]    | Connecting to Discord...
2021-03-31 14:41:22 | [INFO]    | Authenticated as N.E.R.V.O#0793
2021-03-31 14:41:22 | [INFO]    | Launching shard 0 (1 out of 1)...
2021-03-31 14:41:23 | [INFO]    | Shard 0 : Connected to wss://gateway.discord.gg
2021-03-31 14:41:23 | [INFO]    | Shard 0 : Received HELLO
2021-03-31 14:41:23 | [INFO]    | Shard 0 : Received READY
2021-03-31 14:41:37 | [INFO]    | Discordia 2.8.4
2021-03-31 14:41:37 | [INFO]    | Connecting to Discord...
2021-03-31 14:41:37 | [INFO]    | Authenticated as N.E.R.V.O#0793
2021-03-31 14:41:37 | [INFO]    | Launching shard 0 (1 out of 1)...
2021-03-31 14:41:37 | [INFO]    | Shard 0 : Connected to wss://gateway.discord.gg
2021-03-31 14:41:37 | [INFO]    | Shard 0 : Received HELLO
2021-03-31 14:41:38 | [INFO]    | Shard 0 : Received READY
2021-03-31 14:42:23 | [INFO]    | Discordia 2.8.4
2021-03-31 14:42:23 | [INFO]    | Connecting to Discord...
2021-03-31 14:42:23 | [INFO]    | Authenticated as N.E.R.V.O#0793
2021-03-31 14:42:23 | [INFO]    | Launching shard 0 (1 out of 1)...
2021-03-31 14:42:24 | [INFO]    | Shard 0 : Connected to wss://gateway.discord.gg
2021-03-31 14:42:24 | [INFO]    | Shard 0 : Received HELLO
2021-03-31 14:42:24 | [INFO]    | Shard 0 : Received READY
2021-03-31 14:43:20 | [INFO]    | Discordia 2.8.4
2021-03-31 14:43:20 | [INFO]    | Connecting to Discord...
2021-03-31 14:43:20 | [INFO]    | Authenticated as N.E.R.V.O#0793
2021-03-31 14:43:20 | [INFO]    | Launching shard 0 (1 out of 1)...
2021-03-31 14:43:21 | [INFO]    | Shard 0 : Connected to wss://gateway.discord.gg
2021-03-31 14:43:21 | [INFO]    | Shard 0 : Received HELLO
2021-03-31 14:43:21 | [INFO]    | Shard 0 : Received READY
2021-03-31 14:49:20 | [INFO]    | Discordia 2.8.4
2021-03-31 14:49:20 | [INFO]    | Connecting to Discord...
2021-03-31 14:49:20 | [INFO]    | Authenticated as N.E.R.V.O#0793
2021-03-31 14:49:20 | [INFO]    | Launching shard 0 (1 out of 1)...
2021-03-31 14:49:21 | [INFO]    | Shard 0 : Connected to wss://gateway.discord.gg
2021-03-31 14:49:21 | [INFO]    | Shard 0 : Received HELLO
2021-03-31 14:49:21 | [INFO]    | Shard 0 : Received READY
2021-03-31 14:59:48 | [INFO]    | Discordia 2.8.4
2021-03-31 14:59:48 | [INFO]    | Connecting to Discord...
2021-03-31 14:59:48 | [INFO]    | Authenticated as N.E.R.V.O#0793
2021-03-31 14:59:48 | [INFO]    | Launching shard 0 (1 out of 1)...
2021-03-31 14:59:49 | [INFO]    | Shard 0 : Connected to wss://gateway.discord.gg
2021-03-31 14:59:49 | [INFO]    | Shard 0 : Received HELLO
2021-03-31 14:59:49 | [INFO]    | Shard 0 : Received READY
2021-03-31 15:03:46 | [INFO]    | Discordia 2.8.4
2021-03-31 15:03:46 | [INFO]    | Connecting to Discord...
2021-03-31 15:03:47 | [INFO]    | Authenticated as N.E.R.V.O#0793
2021-03-31 15:03:47 | [INFO]    | Launching shard 0 (1 out of 1)...
2021-03-31 15:03:47 | [INFO]    | Shard 0 : Connected to wss://gateway.discord.gg
2021-03-31 15:03:47 | [INFO]    | Shard 0 : Received HELLO
2021-03-31 15:03:48 | [INFO]    | Shard 0 : Received READY
2021-03-31 15:04:55 | [INFO]    | Discordia 2.8.4
2021-03-31 15:04:55 | [INFO]    | Connecting to Discord...
2021-03-31 15:04:55 | [INFO]    | Authenticated as N.E.R.V.O#0793
2021-03-31 15:04:55 | [INFO]    | Launching shard 0 (1 out of 1)...
2021-03-31 15:04:55 | [INFO]    | Shard 0 : Connected to wss://gateway.discord.gg
2021-03-31 15:04:55 | [INFO]    | Shard 0 : Received HELLO
2021-03-31 15:04:56 | [INFO]    | Shard 0 : Received READY
2021-03-31 15:11:02 | [INFO]    | Discordia 2.8.4
2021-03-31 15:11:02 | [INFO]    | Connecting to Discord...
2021-03-31 15:11:03 | [INFO]    | Authenticated as N.E.R.V.O#0793
2021-03-31 15:11:03 | [INFO]    | Launching shard 0 (1 out of 1)...
2021-03-31 15:11:03 | [INFO]    | Shard 0 : Connected to wss://gateway.discord.gg
2021-03-31 15:11:03 | [INFO]    | Shard 0 : Received HELLO
2021-03-31 15:11:03 | [INFO]    | Shard 0 : Received READY
2021-03-31 15:11:14 | [ERROR]   | 400 - Bad Request : POST https://discord.com/api/v7/channels/814806182765133885/messages
2021-03-31 18:19:27 | [INFO]    | Discordia 2.8.4
2021-03-31 18:19:27 | [INFO]    | Connecting to Discord...
2021-03-31 18:19:28 | [INFO]    | Authenticated as N.E.R.V.O#0793
2021-03-31 18:19:28 | [INFO]    | Launching shard 0 (1 out of 1)...
2021-03-31 18:19:29 | [INFO]    | Shard 0 : Connected to wss://gateway.discord.gg
2021-03-31 18:19:29 | [INFO]    | Shard 0 : Received HELLO
2021-03-31 18:19:29 | [INFO]    | Shard 0 : Received READY
2021-03-31 18:24:20 | [INFO]    | Discordia 2.8.4
2021-03-31 18:24:20 | [INFO]    | Connecting to Discord...
2021-03-31 18:24:20 | [INFO]    | Authenticated as N.E.R.V.O#0793
2021-03-31 18:24:20 | [INFO]    | Launching shard 0 (1 out of 1)...
2021-03-31 18:24:21 | [INFO]    | Shard 0 : Connected to wss://gateway.discord.gg
2021-03-31 18:24:21 | [INFO]    | Shard 0 : Received HELLO
2021-03-31 18:24:21 | [INFO]    | Shard 0 : Received READY
2021-03-31 18:25:43 | [INFO]    | Discordia 2.8.4
2021-03-31 18:25:43 | [INFO]    | Connecting to Discord...
2021-03-31 18:25:44 | [INFO]    | Authenticated as N.E.R.V.O#0793
2021-03-31 18:25:44 | [INFO]    | Launching shard 0 (1 out of 1)...
2021-03-31 18:25:44 | [INFO]    | Shard 0 : Connected to wss://gateway.discord.gg
2021-03-31 18:25:44 | [INFO]    | Shard 0 : Received HELLO
2021-03-31 18:25:44 | [INFO]    | Shard 0 : Received READY
2021-03-31 18:26:53 | [INFO]    | Discordia 2.8.4
2021-03-31 18:26:53 | [INFO]    | Connecting to Discord...
2021-03-31 18:26:54 | [INFO]    | Authenticated as N.E.R.V.O#0793
2021-03-31 18:26:54 | [INFO]    | Launching shard 0 (1 out of 1)...
2021-03-31 18:26:54 | [INFO]    | Shard 0 : Connected to wss://gateway.discord.gg
2021-03-31 18:26:54 | [INFO]    | Shard 0 : Received HELLO
2021-03-31 18:26:54 | [INFO]    | Shard 0 : Received READY
2021-03-31 18:32:29 | [INFO]    | Discordia 2.8.4
2021-03-31 18:32:29 | [INFO]    | Connecting to Discord...
2021-03-31 18:32:30 | [INFO]    | Authenticated as N.E.R.V.O#0793
2021-03-31 18:32:30 | [INFO]    | Launching shard 0 (1 out of 1)...
2021-03-31 18:32:30 | [INFO]    | Shard 0 : Connected to wss://gateway.discord.gg
2021-03-31 18:32:30 | [INFO]    | Shard 0 : Received HELLO
2021-03-31 18:32:31 | [INFO]    | Shard 0 : Received READY
2021-03-31 18:41:10 | [INFO]    | Discordia 2.8.4
2021-03-31 18:41:10 | [INFO]    | Connecting to Discord...
2021-03-31 18:41:11 | [INFO]    | Authenticated as N.E.R.V.O#0793
2021-03-31 18:41:11 | [INFO]    | Launching shard 0 (1 out of 1)...
2021-03-31 18:41:11 | [INFO]    | Shard 0 : Connected to wss://gateway.discord.gg
2021-03-31 18:41:11 | [INFO]    | Shard 0 : Received HELLO
2021-03-31 18:41:11 | [INFO]    | Shard 0 : Received READY
2021-03-31 19:35:19 | [INFO]    | Discordia 2.8.4
2021-03-31 19:35:19 | [INFO]    | Connecting to Discord...
2021-03-31 19:35:20 | [INFO]    | Authenticated as N.E.R.V.O#0793
2021-03-31 19:35:20 | [INFO]    | Launching shard 0 (1 out of 1)...
2021-03-31 19:35:21 | [INFO]    | Shard 0 : Connected to wss://gateway.discord.gg
2021-03-31 19:35:21 | [INFO]    | Shard 0 : Received HELLO
2021-03-31 19:35:21 | [INFO]    | Shard 0 : Received READY
2021-03-31 19:35:57 | [INFO]    | Discordia 2.8.4
2021-03-31 19:35:57 | [INFO]    | Connecting to Discord...
2021-03-31 19:35:58 | [INFO]    | Authenticated as N.E.R.V.O#0793
2021-03-31 19:35:58 | [INFO]    | Launching shard 0 (1 out of 1)...
2021-03-31 19:35:58 | [INFO]    | Shard 0 : Connected to wss://gateway.discord.gg
2021-03-31 19:35:58 | [INFO]    | Shard 0 : Received HELLO
2021-03-31 19:35:58 | [INFO]    | Shard 0 : Received READY
2021-03-31 19:40:26 | [INFO]    | Discordia 2.8.4
2021-03-31 19:40:26 | [INFO]    | Connecting to Discord...
2021-03-31 19:40:26 | [INFO]    | Authenticated as N.E.R.V.O#0793
2021-03-31 19:40:26 | [INFO]    | Launching shard 0 (1 out of 1)...
2021-03-31 19:40:27 | [INFO]    | Shard 0 : Connected to wss://gateway.discord.gg
2021-03-31 19:40:27 | [INFO]    | Shard 0 : Received HELLO
2021-03-31 19:40:27 | [INFO]    | Shard 0 : Received READY
2021-03-31 19:52:14 | [INFO]    | Discordia 2.8.4
2021-03-31 19:52:14 | [INFO]    | Connecting to Discord...
2021-03-31 19:52:14 | [INFO]    | Authenticated as N.E.R.V.O#0793
2021-03-31 19:52:14 | [INFO]    | Launching shard 0 (1 out of 1)...
2021-03-31 19:52:15 | [INFO]    | Shard 0 : Connected to wss://gateway.discord.gg
2021-03-31 19:52:15 | [INFO]    | Shard 0 : Received HELLO
2021-03-31 19:52:15 | [INFO]    | Shard 0 : Received READY
2021-03-31 19:53:49 | [INFO]    | Discordia 2.8.4
2021-03-31 19:53:49 | [INFO]    | Connecting to Discord...
2021-03-31 19:53:50 | [INFO]    | Authenticated as N.E.R.V.O#0793
2021-03-31 19:53:50 | [INFO]    | Launching shard 0 (1 out of 1)...
2021-03-31 19:53:50 | [INFO]    | Shard 0 : Connected to wss://gateway.discord.gg
2021-03-31 19:53:50 | [INFO]    | Shard 0 : Received HELLO
2021-03-31 19:53:50 | [INFO]    | Shard 0 : Received READY
2021-03-31 19:53:57 | [INFO]    | Discordia 2.8.4
2021-03-31 19:53:57 | [INFO]    | Connecting to Discord...
2021-03-31 19:53:58 | [INFO]    | Authenticated as N.E.R.V.O#0793
2021-03-31 19:53:58 | [INFO]    | Launching shard 0 (1 out of 1)...
2021-03-31 19:53:58 | [INFO]    | Shard 0 : Connected to wss://gateway.discord.gg
2021-03-31 19:53:58 | [INFO]    | Shard 0 : Received HELLO
2021-03-31 19:53:58 | [INFO]    | Shard 0 : Received READY
2021-03-31 19:56:34 | [INFO]    | Discordia 2.8.4
2021-03-31 19:56:34 | [INFO]    | Connecting to Discord...
2021-03-31 19:56:34 | [INFO]    | Authenticated as N.E.R.V.O#0793
2021-03-31 19:56:34 | [INFO]    | Launching shard 0 (1 out of 1)...
2021-03-31 19:56:35 | [INFO]    | Shard 0 : Connected to wss://gateway.discord.gg
2021-03-31 19:56:35 | [INFO]    | Shard 0 : Received HELLO
2021-03-31 19:56:35 | [INFO]    | Shard 0 : Received READY
2021-03-31 20:03:26 | [INFO]    | Discordia 2.8.4
2021-03-31 20:03:26 | [INFO]    | Connecting to Discord...
2021-03-31 20:03:27 | [INFO]    | Authenticated as N.E.R.V.O#0793
2021-03-31 20:03:27 | [INFO]    | Launching shard 0 (1 out of 1)...
2021-03-31 20:03:27 | [INFO]    | Shard 0 : Connected to wss://gateway.discord.gg
2021-03-31 20:03:27 | [INFO]    | Shard 0 : Received HELLO
2021-03-31 20:03:27 | [INFO]    | Shard 0 : Received READY
2021-03-31 20:04:35 | [INFO]    | Discordia 2.8.4
2021-03-31 20:04:35 | [INFO]    | Connecting to Discord...
2021-03-31 20:04:35 | [INFO]    | Authenticated as N.E.R.V.O#0793
2021-03-31 20:04:35 | [INFO]    | Launching shard 0 (1 out of 1)...
2021-03-31 20:04:36 | [INFO]    | Shard 0 : Connected to wss://gateway.discord.gg
2021-03-31 20:04:36 | [INFO]    | Shard 0 : Received HELLO
2021-03-31 20:04:36 | [INFO]    | Shard 0 : Received READY
2021-03-31 20:08:27 | [INFO]    | Discordia 2.8.4
2021-03-31 20:08:27 | [INFO]    | Connecting to Discord...
2021-03-31 20:08:27 | [INFO]    | Authenticated as N.E.R.V.O#0793
2021-03-31 20:08:27 | [INFO]    | Launching shard 0 (1 out of 1)...
2021-03-31 20:08:28 | [INFO]    | Shard 0 : Connected to wss://gateway.discord.gg
2021-03-31 20:08:28 | [INFO]    | Shard 0 : Received HELLO
2021-03-31 20:08:28 | [INFO]    | Shard 0 : Received READY
2021-04-01 17:41:19 | [INFO]    | Discordia 2.8.4
2021-04-01 17:41:19 | [INFO]    | Connecting to Discord...
2021-04-01 17:41:20 | [INFO]    | Authenticated as N.E.R.V.O#0793
2021-04-01 17:41:20 | [INFO]    | Launching shard 0 (1 out of 1)...
2021-04-01 17:41:20 | [INFO]    | Shard 0 : Connected to wss://gateway.discord.gg
2021-04-01 17:41:20 | [INFO]    | Shard 0 : Received HELLO
2021-04-01 17:41:21 | [INFO]    | Shard 0 : Received READY
2021-04-01 17:53:42 | [INFO]    | Discordia 2.8.4
2021-04-01 17:53:42 | [INFO]    | Connecting to Discord...
2021-04-01 17:53:47 | [INFO]    | Authenticated as N.E.R.V.O#0793
2021-04-01 17:53:47 | [INFO]    | Launching shard 0 (1 out of 1)...
2021-04-01 17:53:55 | [INFO]    | Shard 0 : Connected to wss://gateway.discord.gg
2021-04-01 17:53:55 | [INFO]    | Shard 0 : Received HELLO
2021-04-01 17:53:57 | [INFO]    | Shard 0 : Received READY
2021-04-01 17:54:15 | [INFO]    | Discordia 2.8.4
2021-04-01 17:54:15 | [INFO]    | Connecting to Discord...
2021-04-01 17:54:17 | [INFO]    | Authenticated as N.E.R.V.O#0793
2021-04-01 17:54:17 | [INFO]    | Launching shard 0 (1 out of 1)...
2021-04-01 17:54:20 | [INFO]    | Shard 0 : Connected to wss://gateway.discord.gg
2021-04-01 17:54:20 | [INFO]    | Shard 0 : Received HELLO
2021-04-01 17:54:23 | [INFO]    | Shard 0 : Received READY
2021-04-01 17:54:24 | [ERROR]   | 400 - Bad Request : POST https://discord.com/api/v7/channels/814800325645959169/messages
2021-04-01 17:55:05 | [INFO]    | Discordia 2.8.4
2021-04-01 17:55:05 | [INFO]    | Connecting to Discord...
2021-04-01 17:55:09 | [INFO]    | Authenticated as N.E.R.V.O#0793
2021-04-01 17:55:09 | [INFO]    | Launching shard 0 (1 out of 1)...
2021-04-01 17:55:17 | [INFO]    | Shard 0 : Connected to wss://gateway.discord.gg
2021-04-01 17:55:17 | [INFO]    | Shard 0 : Received HELLO
2021-04-01 17:55:52 | [INFO]    | Shard 0 : Received READY
2021-04-01 17:55:53 | [ERROR]   | 400 - Bad Request : POST https://discord.com/api/v7/channels/814800325645959169/messages
2021-04-01 18:00:37 | [INFO]    | Discordia 2.8.4
2021-04-01 18:00:37 | [INFO]    | Connecting to Discord...
2021-04-01 18:00:38 | [INFO]    | Authenticated as N.E.R.V.O#0793
2021-04-01 18:00:38 | [INFO]    | Launching shard 0 (1 out of 1)...
2021-04-01 18:00:40 | [INFO]    | Shard 0 : Connected to wss://gateway.discord.gg
2021-04-01 18:00:40 | [INFO]    | Shard 0 : Received HELLO
2021-04-01 18:00:41 | [INFO]    | Shard 0 : Received READY
2021-04-01 18:01:56 | [INFO]    | Discordia 2.8.4
2021-04-01 18:01:56 | [INFO]    | Connecting to Discord...
2021-04-01 18:01:58 | [INFO]    | Authenticated as N.E.R.V.O#0793
2021-04-01 18:01:58 | [INFO]    | Launching shard 0 (1 out of 1)...
2021-04-01 18:02:01 | [INFO]    | Shard 0 : Connected to wss://gateway.discord.gg
2021-04-01 18:02:01 | [INFO]    | Shard 0 : Received HELLO
2021-04-01 18:02:01 | [INFO]    | Shard 0 : Received READY
2021-04-01 18:02:37 | [INFO]    | Discordia 2.8.4
2021-04-01 18:02:37 | [INFO]    | Connecting to Discord...
2021-04-01 18:02:38 | [INFO]    | Authenticated as N.E.R.V.O#0793
2021-04-01 18:02:38 | [INFO]    | Launching shard 0 (1 out of 1)...
2021-04-01 18:02:39 | [INFO]    | Shard 0 : Connected to wss://gateway.discord.gg
2021-04-01 18:02:39 | [INFO]    | Shard 0 : Received HELLO
2021-04-01 18:02:40 | [INFO]    | Shard 0 : Received READY
2021-04-01 18:02:56 | [INFO]    | Discordia 2.8.4
2021-04-01 18:02:56 | [INFO]    | Connecting to Discord...
2021-04-01 18:02:58 | [INFO]    | Authenticated as N.E.R.V.O#0793
2021-04-01 18:02:58 | [INFO]    | Launching shard 0 (1 out of 1)...
2021-04-01 18:02:59 | [INFO]    | Shard 0 : Connected to wss://gateway.discord.gg
2021-04-01 18:02:59 | [INFO]    | Shard 0 : Received HELLO
2021-04-01 18:02:59 | [INFO]    | Shard 0 : Received READY
2021-04-01 18:03:35 | [INFO]    | Discordia 2.8.4
2021-04-01 18:03:35 | [INFO]    | Connecting to Discord...
2021-04-01 18:03:39 | [INFO]    | Authenticated as N.E.R.V.O#0793
2021-04-01 18:03:39 | [INFO]    | Launching shard 0 (1 out of 1)...
2021-04-01 18:03:41 | [INFO]    | Shard 0 : Connected to wss://gateway.discord.gg
2021-04-01 18:03:41 | [INFO]    | Shard 0 : Received HELLO
2021-04-01 18:03:41 | [INFO]    | Shard 0 : Received READY
2021-04-01 18:04:51 | [INFO]    | Discordia 2.8.4
2021-04-01 18:04:51 | [INFO]    | Connecting to Discord...
2021-04-01 18:04:53 | [INFO]    | Authenticated as N.E.R.V.O#0793
2021-04-01 18:04:53 | [INFO]    | Launching shard 0 (1 out of 1)...
2021-04-01 18:04:56 | [INFO]    | Shard 0 : Connected to wss://gateway.discord.gg
2021-04-01 18:04:56 | [INFO]    | Shard 0 : Received HELLO
2021-04-01 18:04:57 | [INFO]    | Shard 0 : Received READY
2021-04-01 19:01:21 | [WARNING] | Shard 0 : 1001 - Connection closed
2021-04-01 19:01:21 | [INFO]    | Shard 0 : Disconnected
2021-04-01 19:01:21 | [INFO]    | Shard 0 : Reconnecting after 1015 ms...
2021-04-01 19:01:23 | [INFO]    | Shard 0 : Connected to wss://gateway.discord.gg
2021-04-01 19:01:23 | [INFO]    | Shard 0 : Received HELLO
2021-04-01 19:01:23 | [INFO]    | Shard 0 : Received RESUMED
2021-04-02 10:28:05 | [INFO]    | Discordia 2.8.4
2021-04-02 10:28:05 | [INFO]    | Connecting to Discord...
2021-04-02 10:28:06 | [INFO]    | Authenticated as N.E.R.V.O#0793
2021-04-02 10:28:06 | [INFO]    | Launching shard 0 (1 out of 1)...
2021-04-02 10:28:07 | [INFO]    | Shard 0 : Connected to wss://gateway.discord.gg
2021-04-02 10:28:07 | [INFO]    | Shard 0 : Received HELLO
2021-04-02 10:28:07 | [INFO]    | Shard 0 : Received READY
2021-04-02 12:43:54 | [INFO]    | Discordia 2.8.4
2021-04-02 12:43:54 | [INFO]    | Connecting to Discord...
2021-04-02 12:43:54 | [INFO]    | Authenticated as N.E.R.V.O#0793
2021-04-02 12:43:54 | [INFO]    | Launching shard 0 (1 out of 1)...
2021-04-02 12:43:54 | [INFO]    | Shard 0 : Connected to wss://gateway.discord.gg
2021-04-02 12:43:54 | [INFO]    | Shard 0 : Received HELLO
2021-04-02 12:43:55 | [INFO]    | Shard 0 : Received READY
2021-04-02 12:51:11 | [INFO]    | Discordia 2.8.4
2021-04-02 12:51:11 | [INFO]    | Connecting to Discord...
2021-04-02 12:51:12 | [INFO]    | Authenticated as N.E.R.V.O#0793
2021-04-02 12:51:12 | [INFO]    | Launching shard 0 (1 out of 1)...
2021-04-02 12:51:12 | [INFO]    | Shard 0 : Connected to wss://gateway.discord.gg
2021-04-02 12:51:12 | [INFO]    | Shard 0 : Received HELLO
2021-04-02 12:51:12 | [INFO]    | Shard 0 : Received READY
2021-04-02 12:52:03 | [INFO]    | Discordia 2.8.4
2021-04-02 12:52:03 | [INFO]    | Connecting to Discord...
2021-04-02 12:52:03 | [INFO]    | Authenticated as N.E.R.V.O#0793
2021-04-02 12:52:03 | [INFO]    | Launching shard 0 (1 out of 1)...
2021-04-02 12:52:03 | [INFO]    | Shard 0 : Connected to wss://gateway.discord.gg
2021-04-02 12:52:03 | [INFO]    | Shard 0 : Received HELLO
2021-04-02 12:52:03 | [INFO]    | Shard 0 : Received READY
2021-04-02 12:52:48 | [INFO]    | Discordia 2.8.4
2021-04-02 12:52:48 | [INFO]    | Connecting to Discord...
2021-04-02 12:52:49 | [INFO]    | Authenticated as N.E.R.V.O#0793
2021-04-02 12:52:49 | [INFO]    | Launching shard 0 (1 out of 1)...
2021-04-02 12:52:49 | [INFO]    | Shard 0 : Connected to wss://gateway.discord.gg
2021-04-02 12:52:49 | [INFO]    | Shard 0 : Received HELLO
2021-04-02 12:52:49 | [INFO]    | Shard 0 : Received READY
2021-04-02 12:53:59 | [INFO]    | Discordia 2.8.4
2021-04-02 12:53:59 | [INFO]    | Connecting to Discord...
2021-04-02 12:53:59 | [INFO]    | Authenticated as N.E.R.V.O#0793
2021-04-02 12:53:59 | [INFO]    | Launching shard 0 (1 out of 1)...
2021-04-02 12:53:59 | [INFO]    | Shard 0 : Connected to wss://gateway.discord.gg
2021-04-02 12:53:59 | [INFO]    | Shard 0 : Received HELLO
2021-04-02 12:54:00 | [INFO]    | Shard 0 : Received READY
2021-04-02 12:55:22 | [INFO]    | Discordia 2.8.4
2021-04-02 12:55:22 | [INFO]    | Connecting to Discord...
2021-04-02 12:55:22 | [INFO]    | Authenticated as N.E.R.V.O#0793
2021-04-02 12:55:22 | [INFO]    | Launching shard 0 (1 out of 1)...
2021-04-02 12:55:22 | [INFO]    | Shard 0 : Connected to wss://gateway.discord.gg
2021-04-02 12:55:22 | [INFO]    | Shard 0 : Received HELLO
2021-04-02 12:55:23 | [INFO]    | Shard 0 : Received READY
2021-04-02 12:56:10 | [INFO]    | Discordia 2.8.4
2021-04-02 12:56:10 | [INFO]    | Connecting to Discord...
2021-04-02 12:56:10 | [INFO]    | Authenticated as N.E.R.V.O#0793
2021-04-02 12:56:10 | [INFO]    | Launching shard 0 (1 out of 1)...
2021-04-02 12:56:10 | [INFO]    | Shard 0 : Connected to wss://gateway.discord.gg
2021-04-02 12:56:10 | [INFO]    | Shard 0 : Received HELLO
2021-04-02 12:56:11 | [INFO]    | Shard 0 : Received READY
2021-04-02 19:34:17 | [INFO]    | Discordia 2.8.4
2021-04-02 19:34:17 | [INFO]    | Connecting to Discord...
2021-04-02 19:34:18 | [INFO]    | Authenticated as N.E.R.V.O#0793
2021-04-02 19:34:18 | [INFO]    | Launching shard 0 (1 out of 1)...
2021-04-02 19:34:19 | [INFO]    | Shard 0 : Connected to wss://gateway.discord.gg
2021-04-02 19:34:19 | [INFO]    | Shard 0 : Received HELLO
2021-04-02 19:34:19 | [INFO]    | Shard 0 : Received READY
2021-04-02 19:34:41 | [INFO]    | Discordia 2.8.4
2021-04-02 19:34:41 | [INFO]    | Connecting to Discord...
2021-04-02 19:34:42 | [INFO]    | Authenticated as N.E.R.V.O#0793
2021-04-02 19:34:42 | [INFO]    | Launching shard 0 (1 out of 1)...
2021-04-02 19:34:42 | [INFO]    | Shard 0 : Connected to wss://gateway.discord.gg
2021-04-02 19:34:42 | [INFO]    | Shard 0 : Received HELLO
2021-04-02 19:34:42 | [INFO]    | Shard 0 : Received READY
2021-04-02 19:36:02 | [INFO]    | Discordia 2.8.4
2021-04-02 19:36:02 | [INFO]    | Connecting to Discord...
2021-04-02 19:36:02 | [INFO]    | Authenticated as N.E.R.V.O#0793
2021-04-02 19:36:02 | [INFO]    | Launching shard 0 (1 out of 1)...
2021-04-02 19:36:03 | [INFO]    | Shard 0 : Connected to wss://gateway.discord.gg
2021-04-02 19:36:03 | [INFO]    | Shard 0 : Received HELLO
2021-04-02 19:36:03 | [INFO]    | Shard 0 : Received READY
2021-04-02 19:36:47 | [INFO]    | Discordia 2.8.4
2021-04-02 19:36:47 | [INFO]    | Connecting to Discord...
2021-04-02 19:36:47 | [INFO]    | Authenticated as N.E.R.V.O#0793
2021-04-02 19:36:47 | [INFO]    | Launching shard 0 (1 out of 1)...
2021-04-02 19:36:48 | [INFO]    | Shard 0 : Connected to wss://gateway.discord.gg
2021-04-02 19:36:48 | [INFO]    | Shard 0 : Received HELLO
2021-04-02 19:36:48 | [INFO]    | Shard 0 : Received READY
2021-04-02 19:40:47 | [INFO]    | Discordia 2.8.4
2021-04-02 19:40:47 | [INFO]    | Connecting to Discord...
2021-04-02 19:40:47 | [INFO]    | Authenticated as N.E.R.V.O#0793
2021-04-02 19:40:47 | [INFO]    | Launching shard 0 (1 out of 1)...
2021-04-02 19:40:47 | [INFO]    | Shard 0 : Connected to wss://gateway.discord.gg
2021-04-02 19:40:47 | [INFO]    | Shard 0 : Received HELLO
2021-04-02 19:40:48 | [INFO]    | Shard 0 : Received READY
2021-04-02 19:42:11 | [INFO]    | Discordia 2.8.4
2021-04-02 19:42:11 | [INFO]    | Connecting to Discord...
2021-04-02 19:42:11 | [INFO]    | Authenticated as N.E.R.V.O#0793
2021-04-02 19:42:11 | [INFO]    | Launching shard 0 (1 out of 1)...
2021-04-02 19:42:11 | [INFO]    | Shard 0 : Connected to wss://gateway.discord.gg
2021-04-02 19:42:11 | [INFO]    | Shard 0 : Received HELLO
2021-04-02 19:42:12 | [INFO]    | Shard 0 : Received READY
2021-04-02 19:43:35 | [INFO]    | Discordia 2.8.4
2021-04-02 19:43:35 | [INFO]    | Connecting to Discord...
2021-04-02 19:43:35 | [INFO]    | Authenticated as N.E.R.V.O#0793
2021-04-02 19:43:35 | [INFO]    | Launching shard 0 (1 out of 1)...
2021-04-02 19:43:36 | [INFO]    | Shard 0 : Connected to wss://gateway.discord.gg
2021-04-02 19:43:36 | [INFO]    | Shard 0 : Received HELLO
2021-04-02 19:43:36 | [INFO]    | Shard 0 : Received READY
2021-04-02 19:44:39 | [INFO]    | Discordia 2.8.4
2021-04-02 19:44:39 | [INFO]    | Connecting to Discord...
2021-04-02 19:44:39 | [INFO]    | Authenticated as N.E.R.V.O#0793
2021-04-02 19:44:39 | [INFO]    | Launching shard 0 (1 out of 1)...
2021-04-02 19:44:40 | [INFO]    | Shard 0 : Connected to wss://gateway.discord.gg
2021-04-02 19:44:40 | [INFO]    | Shard 0 : Received HELLO
2021-04-02 19:44:40 | [INFO]    | Shard 0 : Received READY
2021-04-02 19:48:44 | [INFO]    | Discordia 2.8.4
2021-04-02 19:48:44 | [INFO]    | Connecting to Discord...
2021-04-02 19:48:44 | [INFO]    | Authenticated as N.E.R.V.O#0793
2021-04-02 19:48:44 | [INFO]    | Launching shard 0 (1 out of 1)...
2021-04-02 19:48:45 | [INFO]    | Shard 0 : Connected to wss://gateway.discord.gg
2021-04-02 19:48:45 | [INFO]    | Shard 0 : Received HELLO
2021-04-02 19:48:45 | [INFO]    | Shard 0 : Received READY
2021-04-02 19:49:57 | [INFO]    | Discordia 2.8.4
2021-04-02 19:49:57 | [INFO]    | Connecting to Discord...
2021-04-02 19:49:57 | [INFO]    | Authenticated as N.E.R.V.O#0793
2021-04-02 19:49:57 | [INFO]    | Launching shard 0 (1 out of 1)...
2021-04-02 19:49:57 | [INFO]    | Shard 0 : Connected to wss://gateway.discord.gg
2021-04-02 19:49:57 | [INFO]    | Shard 0 : Received HELLO
2021-04-02 19:49:57 | [INFO]    | Shard 0 : Received READY
2021-04-02 19:57:56 | [INFO]    | Discordia 2.8.4
2021-04-02 19:57:56 | [INFO]    | Connecting to Discord...
2021-04-02 19:57:56 | [INFO]    | Authenticated as N.E.R.V.O#0793
2021-04-02 19:57:56 | [INFO]    | Launching shard 0 (1 out of 1)...
2021-04-02 19:57:56 | [INFO]    | Shard 0 : Connected to wss://gateway.discord.gg
2021-04-02 19:57:56 | [INFO]    | Shard 0 : Received HELLO
2021-04-02 19:57:57 | [INFO]    | Shard 0 : Received READY
